2024-10-27 11:39:50.613 -06:00 [INF] Now listening on: http://localhost:5172
2024-10-27 11:39:50.687 -06:00 [INF] Application started. Press Ctrl+C to shut down.
2024-10-27 11:39:50.711 -06:00 [INF] Hosting environment: Development
2024-10-27 11:39:50.738 -06:00 [INF] Content root path: C:\xampp\htdocs\ProyectoBasesDatos\backend\backend
2024-10-27 11:39:51.045 -06:00 [INF] Request starting HTTP/1.1 GET http://localhost:5172/swagger/index.html - null null
2024-10-27 11:39:51.286 -06:00 [INF] Request finished HTTP/1.1 GET http://localhost:5172/swagger/index.html - 200 null text/html;charset=utf-8 245.2425ms
2024-10-27 11:39:51.293 -06:00 [INF] Request starting HTTP/1.1 GET http://localhost:5172/_vs/browserLink - null null
2024-10-27 11:39:51.294 -06:00 [INF] Request starting HTTP/1.1 GET http://localhost:5172/_framework/aspnetcore-browser-refresh.js - null null
2024-10-27 11:39:51.308 -06:00 [INF] Request finished HTTP/1.1 GET http://localhost:5172/_framework/aspnetcore-browser-refresh.js - 200 13750 application/javascript; charset=utf-8 14.0049ms
2024-10-27 11:39:51.335 -06:00 [INF] Request finished HTTP/1.1 GET http://localhost:5172/_vs/browserLink - 200 null text/javascript; charset=UTF-8 42.0819ms
2024-10-27 11:39:51.362 -06:00 [INF] Request starting HTTP/1.1 GET http://localhost:5172/swagger/v1/swagger.json - null null
2024-10-27 11:39:51.431 -06:00 [INF] Request finished HTTP/1.1 GET http://localhost:5172/swagger/v1/swagger.json - 200 null application/json;charset=utf-8 69.09ms
2024-10-27 11:40:02.164 -06:00 [INF] Request starting HTTP/1.1 GET http://localhost:5172/api/ApiSchema/get-tables - null null
2024-10-27 11:40:02.177 -06:00 [INF] Executing endpoint 'backend.Controllers.ApiSchema.GetTables (backend)'
2024-10-27 11:40:02.192 -06:00 [INF] Route matched with {action = "GetTables", controller = "ApiSchema"}. Executing controller action with signature Microsoft.AspNetCore.Mvc.ActionResult`1[Response.ResGetTables] GetTables() on controller backend.Controllers.ApiSchema (backend).
2024-10-27 11:40:04.041 -06:00 [INF] Executing OkObjectResult, writing value of type 'Response.ResGetTables'.
2024-10-27 11:40:04.048 -06:00 [INF] Executed action backend.Controllers.ApiSchema.GetTables (backend) in 1851.5923ms
2024-10-27 11:40:04.050 -06:00 [INF] Executed endpoint 'backend.Controllers.ApiSchema.GetTables (backend)'
2024-10-27 11:40:04.052 -06:00 [INF] Request finished HTTP/1.1 GET http://localhost:5172/api/ApiSchema/get-tables - 200 null application/json; charset=utf-8 1887.7176ms
2024-10-27 12:07:40.088 -06:00 [INF] Now listening on: http://localhost:5172
2024-10-27 12:07:40.143 -06:00 [INF] Application started. Press Ctrl+C to shut down.
2024-10-27 12:07:40.144 -06:00 [INF] Hosting environment: Development
2024-10-27 12:07:40.145 -06:00 [INF] Content root path: C:\xampp\htdocs\ProyectoBasesDatos\backend\backend
2024-10-27 12:07:40.546 -06:00 [INF] Request starting HTTP/1.1 GET http://localhost:5172/swagger/index.html - null null
2024-10-27 12:07:40.693 -06:00 [INF] Request finished HTTP/1.1 GET http://localhost:5172/swagger/index.html - 200 null text/html;charset=utf-8 149.8007ms
2024-10-27 12:07:40.696 -06:00 [INF] Request starting HTTP/1.1 GET http://localhost:5172/_vs/browserLink - null null
2024-10-27 12:07:40.699 -06:00 [INF] Request starting HTTP/1.1 GET http://localhost:5172/_framework/aspnetcore-browser-refresh.js - null null
2024-10-27 12:07:40.704 -06:00 [INF] Request finished HTTP/1.1 GET http://localhost:5172/_framework/aspnetcore-browser-refresh.js - 200 13750 application/javascript; charset=utf-8 5.0304ms
2024-10-27 12:07:40.727 -06:00 [INF] Request finished HTTP/1.1 GET http://localhost:5172/_vs/browserLink - 200 null text/javascript; charset=UTF-8 30.338ms
2024-10-27 12:07:40.785 -06:00 [INF] Request starting HTTP/1.1 GET http://localhost:5172/swagger/v1/swagger.json - null null
2024-10-27 12:07:40.849 -06:00 [INF] Request finished HTTP/1.1 GET http://localhost:5172/swagger/v1/swagger.json - 200 null application/json;charset=utf-8 64.5702ms
2024-10-27 12:07:48.522 -06:00 [INF] Request starting HTTP/1.1 GET http://localhost:5172/api/ApiTableSpace/get-tablespaces - null null
2024-10-27 12:07:48.543 -06:00 [INF] Executing endpoint 'backend.Controllers.ApiTableSpace.GetTableSpaces (backend)'
2024-10-27 12:07:48.577 -06:00 [INF] Route matched with {action = "GetTableSpaces", controller = "ApiTableSpace"}. Executing controller action with signature Microsoft.AspNetCore.Mvc.ActionResult`1[Response.ResGetTableSpaces] GetTableSpaces() on controller backend.Controllers.ApiTableSpace (backend).
2024-10-27 12:07:49.359 -06:00 [INF] Executing OkObjectResult, writing value of type 'Response.ResGetTableSpaces'.
2024-10-27 12:07:49.385 -06:00 [INF] Executed action backend.Controllers.ApiTableSpace.GetTableSpaces (backend) in 797.8081ms
2024-10-27 12:07:49.389 -06:00 [INF] Executed endpoint 'backend.Controllers.ApiTableSpace.GetTableSpaces (backend)'
2024-10-27 12:07:49.390 -06:00 [INF] Request finished HTTP/1.1 GET http://localhost:5172/api/ApiTableSpace/get-tablespaces - 200 null application/json; charset=utf-8 868.4589ms
2024-10-27 12:51:12.774 -06:00 [INF] Request starting HTTP/1.1 GET http://localhost:5172/api/ApiRespaldo - null null
2024-10-27 12:51:12.786 -06:00 [INF] CORS policy execution successful.
2024-10-27 12:51:12.789 -06:00 [INF] Executing endpoint 'backend.Controllers.ApiRespaldo.ObtenerDirectorios (backend)'
2024-10-27 12:51:12.793 -06:00 [INF] Route matched with {action = "ObtenerDirectorios", controller = "ApiRespaldo"}. Executing controller action with signature Microsoft.AspNetCore.Mvc.ActionResult`1[Models.RespuestaDirectorios] ObtenerDirectorios() on controller backend.Controllers.ApiRespaldo (backend).
2024-10-27 12:51:12.847 -06:00 [INF] Executing OkObjectResult, writing value of type 'Models.RespuestaDirectorios'.
2024-10-27 12:51:12.857 -06:00 [INF] Executed action backend.Controllers.ApiRespaldo.ObtenerDirectorios (backend) in 62.3176ms
2024-10-27 12:51:12.867 -06:00 [INF] Executed endpoint 'backend.Controllers.ApiRespaldo.ObtenerDirectorios (backend)'
2024-10-27 12:51:12.868 -06:00 [INF] Request finished HTTP/1.1 GET http://localhost:5172/api/ApiRespaldo - 200 null application/json; charset=utf-8 123.2542ms
2024-10-27 12:51:12.860 -06:00 [INF] Request starting HTTP/1.1 GET http://localhost:5172/api/ApiRespaldo - null null
2024-10-27 12:51:12.876 -06:00 [INF] CORS policy execution successful.
2024-10-27 12:51:12.877 -06:00 [INF] Executing endpoint 'backend.Controllers.ApiRespaldo.ObtenerDirectorios (backend)'
2024-10-27 12:51:12.879 -06:00 [INF] Route matched with {action = "ObtenerDirectorios", controller = "ApiRespaldo"}. Executing controller action with signature Microsoft.AspNetCore.Mvc.ActionResult`1[Models.RespuestaDirectorios] ObtenerDirectorios() on controller backend.Controllers.ApiRespaldo (backend).
2024-10-27 12:51:12.884 -06:00 [INF] Executing OkObjectResult, writing value of type 'Models.RespuestaDirectorios'.
2024-10-27 12:51:12.889 -06:00 [INF] Executed action backend.Controllers.ApiRespaldo.ObtenerDirectorios (backend) in 8.5465ms
2024-10-27 12:51:12.891 -06:00 [INF] Executed endpoint 'backend.Controllers.ApiRespaldo.ObtenerDirectorios (backend)'
2024-10-27 12:51:12.893 -06:00 [INF] Request finished HTTP/1.1 GET http://localhost:5172/api/ApiRespaldo - 200 null application/json; charset=utf-8 33.0787ms
2024-10-27 12:51:19.248 -06:00 [INF] Request starting HTTP/1.1 GET http://localhost:5172/api/ApiSchema/get-schemas - null null
2024-10-27 12:51:19.252 -06:00 [INF] CORS policy execution successful.
2024-10-27 12:51:19.253 -06:00 [INF] Executing endpoint 'backend.Controllers.ApiSchema.GetSchemas (backend)'
2024-10-27 12:51:19.256 -06:00 [INF] Route matched with {action = "GetSchemas", controller = "ApiSchema"}. Executing controller action with signature Microsoft.AspNetCore.Mvc.ActionResult`1[Response.ResGetSchemas] GetSchemas() on controller backend.Controllers.ApiSchema (backend).
2024-10-27 12:51:19.267 -06:00 [INF] Executing OkObjectResult, writing value of type 'Response.ResGetSchemas'.
2024-10-27 12:51:19.271 -06:00 [INF] Executed action backend.Controllers.ApiSchema.GetSchemas (backend) in 13.5551ms
2024-10-27 12:51:19.273 -06:00 [INF] Executed endpoint 'backend.Controllers.ApiSchema.GetSchemas (backend)'
2024-10-27 12:51:19.273 -06:00 [INF] Request starting HTTP/1.1 GET http://localhost:5172/api/ApiSchema/get-schemas - null null
2024-10-27 12:51:19.274 -06:00 [INF] Request finished HTTP/1.1 GET http://localhost:5172/api/ApiSchema/get-schemas - 200 null application/json; charset=utf-8 26.2505ms
2024-10-27 12:51:19.277 -06:00 [INF] CORS policy execution successful.
2024-10-27 12:51:19.279 -06:00 [INF] Executing endpoint 'backend.Controllers.ApiSchema.GetSchemas (backend)'
2024-10-27 12:51:19.281 -06:00 [INF] Route matched with {action = "GetSchemas", controller = "ApiSchema"}. Executing controller action with signature Microsoft.AspNetCore.Mvc.ActionResult`1[Response.ResGetSchemas] GetSchemas() on controller backend.Controllers.ApiSchema (backend).
2024-10-27 12:51:19.284 -06:00 [INF] Executing OkObjectResult, writing value of type 'Response.ResGetSchemas'.
2024-10-27 12:51:19.285 -06:00 [INF] Executed action backend.Controllers.ApiSchema.GetSchemas (backend) in 2.346ms
2024-10-27 12:51:19.287 -06:00 [INF] Executed endpoint 'backend.Controllers.ApiSchema.GetSchemas (backend)'
2024-10-27 12:51:19.289 -06:00 [INF] Request finished HTTP/1.1 GET http://localhost:5172/api/ApiSchema/get-schemas - 200 null application/json; charset=utf-8 15.5013ms
2024-10-27 12:51:21.593 -06:00 [INF] Request starting HTTP/1.1 GET http://localhost:5172/api/ApiSchema/get-tables - null null
2024-10-27 12:51:21.596 -06:00 [INF] CORS policy execution successful.
2024-10-27 12:51:21.598 -06:00 [INF] Executing endpoint 'backend.Controllers.ApiSchema.GetTables (backend)'
2024-10-27 12:51:21.602 -06:00 [INF] Route matched with {action = "GetTables", controller = "ApiSchema"}. Executing controller action with signature Microsoft.AspNetCore.Mvc.ActionResult`1[Response.ResGetTables] GetTables() on controller backend.Controllers.ApiSchema (backend).
2024-10-27 12:51:21.647 -06:00 [INF] Executing OkObjectResult, writing value of type 'Response.ResGetTables'.
2024-10-27 12:51:21.650 -06:00 [INF] Executed action backend.Controllers.ApiSchema.GetTables (backend) in 44.8119ms
2024-10-27 12:51:21.651 -06:00 [INF] Executed endpoint 'backend.Controllers.ApiSchema.GetTables (backend)'
2024-10-27 12:51:21.652 -06:00 [INF] Request finished HTTP/1.1 GET http://localhost:5172/api/ApiSchema/get-tables - 200 null application/json; charset=utf-8 59.1106ms
2024-10-27 12:51:21.655 -06:00 [INF] Request starting HTTP/1.1 GET http://localhost:5172/api/ApiSchema/get-tables - null null
2024-10-27 12:51:21.658 -06:00 [INF] CORS policy execution successful.
2024-10-27 12:51:21.659 -06:00 [INF] Executing endpoint 'backend.Controllers.ApiSchema.GetTables (backend)'
2024-10-27 12:51:21.659 -06:00 [INF] Route matched with {action = "GetTables", controller = "ApiSchema"}. Executing controller action with signature Microsoft.AspNetCore.Mvc.ActionResult`1[Response.ResGetTables] GetTables() on controller backend.Controllers.ApiSchema (backend).
2024-10-27 12:51:21.890 -06:00 [INF] Executing OkObjectResult, writing value of type 'Response.ResGetTables'.
2024-10-27 12:51:21.891 -06:00 [INF] Executed action backend.Controllers.ApiSchema.GetTables (backend) in 229.8713ms
2024-10-27 12:51:21.892 -06:00 [INF] Executed endpoint 'backend.Controllers.ApiSchema.GetTables (backend)'
2024-10-27 12:51:21.892 -06:00 [INF] Request finished HTTP/1.1 GET http://localhost:5172/api/ApiSchema/get-tables - 200 null application/json; charset=utf-8 237.9586ms
2024-10-27 12:51:22.174 -06:00 [INF] Request starting HTTP/1.1 GET http://localhost:5172/api/ApiSchema/get-schemas - null null
2024-10-27 12:51:22.180 -06:00 [INF] CORS policy execution successful.
2024-10-27 12:51:22.181 -06:00 [INF] Executing endpoint 'backend.Controllers.ApiSchema.GetSchemas (backend)'
2024-10-27 12:51:22.183 -06:00 [INF] Route matched with {action = "GetSchemas", controller = "ApiSchema"}. Executing controller action with signature Microsoft.AspNetCore.Mvc.ActionResult`1[Response.ResGetSchemas] GetSchemas() on controller backend.Controllers.ApiSchema (backend).
2024-10-27 12:51:22.188 -06:00 [INF] Executing OkObjectResult, writing value of type 'Response.ResGetSchemas'.
2024-10-27 12:51:22.190 -06:00 [INF] Executed action backend.Controllers.ApiSchema.GetSchemas (backend) in 3.6022ms
2024-10-27 12:51:22.192 -06:00 [INF] Executed endpoint 'backend.Controllers.ApiSchema.GetSchemas (backend)'
2024-10-27 12:51:22.194 -06:00 [INF] Request starting HTTP/1.1 GET http://localhost:5172/api/ApiSchema/get-schemas - null null
2024-10-27 12:51:22.194 -06:00 [INF] Request finished HTTP/1.1 GET http://localhost:5172/api/ApiSchema/get-schemas - 200 null application/json; charset=utf-8 19.3322ms
2024-10-27 12:51:22.199 -06:00 [INF] CORS policy execution successful.
2024-10-27 12:51:22.203 -06:00 [INF] Executing endpoint 'backend.Controllers.ApiSchema.GetSchemas (backend)'
2024-10-27 12:51:22.204 -06:00 [INF] Route matched with {action = "GetSchemas", controller = "ApiSchema"}. Executing controller action with signature Microsoft.AspNetCore.Mvc.ActionResult`1[Response.ResGetSchemas] GetSchemas() on controller backend.Controllers.ApiSchema (backend).
2024-10-27 12:51:22.207 -06:00 [INF] Executing OkObjectResult, writing value of type 'Response.ResGetSchemas'.
2024-10-27 12:51:22.208 -06:00 [INF] Executed action backend.Controllers.ApiSchema.GetSchemas (backend) in 2.2612ms
2024-10-27 12:51:22.210 -06:00 [INF] Executed endpoint 'backend.Controllers.ApiSchema.GetSchemas (backend)'
2024-10-27 12:51:22.211 -06:00 [INF] Request finished HTTP/1.1 GET http://localhost:5172/api/ApiSchema/get-schemas - 200 null application/json; charset=utf-8 17.4982ms
2024-10-27 17:10:27.023 -06:00 [INF] Now listening on: http://localhost:5172
2024-10-27 17:10:27.156 -06:00 [INF] Application started. Press Ctrl+C to shut down.
2024-10-27 17:10:27.159 -06:00 [INF] Hosting environment: Development
2024-10-27 17:10:27.162 -06:00 [INF] Content root path: C:\xampp\htdocs\ProyectoBasesDatos\backend\backend
2024-10-27 17:10:28.017 -06:00 [INF] Request starting HTTP/1.1 GET http://localhost:5172/swagger/index.html - null null
2024-10-27 17:10:28.637 -06:00 [INF] Request finished HTTP/1.1 GET http://localhost:5172/swagger/index.html - 200 null text/html;charset=utf-8 633.482ms
2024-10-27 17:10:28.639 -06:00 [INF] Request starting HTTP/1.1 GET http://localhost:5172/_vs/browserLink - null null
2024-10-27 17:10:28.648 -06:00 [INF] Request starting HTTP/1.1 GET http://localhost:5172/_framework/aspnetcore-browser-refresh.js - null null
2024-10-27 17:10:28.659 -06:00 [INF] Request finished HTTP/1.1 GET http://localhost:5172/_framework/aspnetcore-browser-refresh.js - 200 13750 application/javascript; charset=utf-8 11.8829ms
2024-10-27 17:10:28.764 -06:00 [INF] Request finished HTTP/1.1 GET http://localhost:5172/_vs/browserLink - 200 null text/javascript; charset=UTF-8 124.861ms
2024-10-27 17:10:28.839 -06:00 [INF] Request starting HTTP/1.1 GET http://localhost:5172/swagger/v1/swagger.json - null null
2024-10-27 17:10:29.014 -06:00 [INF] Request finished HTTP/1.1 GET http://localhost:5172/swagger/v1/swagger.json - 200 null application/json;charset=utf-8 174.88ms
2024-10-27 17:10:47.423 -06:00 [INF] Request starting HTTP/1.1 GET http://localhost:5172/api/ApiTableSpace/get-tablespaces - null null
2024-10-27 17:10:47.486 -06:00 [INF] Executing endpoint 'backend.Controllers.ApiTableSpace.GetTableSpaces (backend)'
2024-10-27 17:10:47.583 -06:00 [INF] Route matched with {action = "GetTableSpaces", controller = "ApiTableSpace"}. Executing controller action with signature Microsoft.AspNetCore.Mvc.ActionResult`1[Response.ResGetTableSpaces] GetTableSpaces() on controller backend.Controllers.ApiTableSpace (backend).
2024-10-27 17:10:51.147 -06:00 [INF] Executing OkObjectResult, writing value of type 'Response.ResGetTableSpaces'.
2024-10-27 17:10:51.387 -06:00 [INF] Executed action backend.Controllers.ApiTableSpace.GetTableSpaces (backend) in 3783.0648ms
2024-10-27 17:10:51.388 -06:00 [INF] Executed endpoint 'backend.Controllers.ApiTableSpace.GetTableSpaces (backend)'
2024-10-27 17:10:51.389 -06:00 [INF] Request finished HTTP/1.1 GET http://localhost:5172/api/ApiTableSpace/get-tablespaces - 200 null application/json; charset=utf-8 3965.9344ms
2024-10-27 17:10:59.833 -06:00 [INF] Request starting HTTP/1.1 GET http://localhost:5172/api/ApiRespaldo - null null
2024-10-27 17:10:59.854 -06:00 [INF] CORS policy execution successful.
2024-10-27 17:10:59.857 -06:00 [INF] Executing endpoint 'backend.Controllers.ApiRespaldo.ObtenerDirectorios (backend)'
2024-10-27 17:10:59.861 -06:00 [INF] Route matched with {action = "ObtenerDirectorios", controller = "ApiRespaldo"}. Executing controller action with signature Microsoft.AspNetCore.Mvc.ActionResult`1[Models.RespuestaDirectorios] ObtenerDirectorios() on controller backend.Controllers.ApiRespaldo (backend).
2024-10-27 17:10:59.889 -06:00 [INF] Executing OkObjectResult, writing value of type 'Models.RespuestaDirectorios'.
2024-10-27 17:10:59.898 -06:00 [INF] Executed action backend.Controllers.ApiRespaldo.ObtenerDirectorios (backend) in 34.0965ms
2024-10-27 17:10:59.900 -06:00 [INF] Executed endpoint 'backend.Controllers.ApiRespaldo.ObtenerDirectorios (backend)'
2024-10-27 17:10:59.902 -06:00 [INF] Request finished HTTP/1.1 GET http://localhost:5172/api/ApiRespaldo - 200 null application/json; charset=utf-8 69.3179ms
2024-10-27 17:10:59.903 -06:00 [INF] Request starting HTTP/1.1 GET http://localhost:5172/api/ApiRespaldo - null null
2024-10-27 17:10:59.912 -06:00 [INF] CORS policy execution successful.
2024-10-27 17:10:59.913 -06:00 [INF] Executing endpoint 'backend.Controllers.ApiRespaldo.ObtenerDirectorios (backend)'
2024-10-27 17:10:59.914 -06:00 [INF] Route matched with {action = "ObtenerDirectorios", controller = "ApiRespaldo"}. Executing controller action with signature Microsoft.AspNetCore.Mvc.ActionResult`1[Models.RespuestaDirectorios] ObtenerDirectorios() on controller backend.Controllers.ApiRespaldo (backend).
2024-10-27 17:10:59.920 -06:00 [INF] Executing OkObjectResult, writing value of type 'Models.RespuestaDirectorios'.
2024-10-27 17:10:59.922 -06:00 [INF] Executed action backend.Controllers.ApiRespaldo.ObtenerDirectorios (backend) in 5.5352ms
2024-10-27 17:10:59.923 -06:00 [INF] Executed endpoint 'backend.Controllers.ApiRespaldo.ObtenerDirectorios (backend)'
2024-10-27 17:10:59.925 -06:00 [INF] Request finished HTTP/1.1 GET http://localhost:5172/api/ApiRespaldo - 200 null application/json; charset=utf-8 22.0009ms
2024-10-27 17:11:14.081 -06:00 [INF] Request starting HTTP/1.1 GET http://localhost:5172/api/ApiTablespace/get-tablespaces - null null
2024-10-27 17:11:14.087 -06:00 [INF] CORS policy execution successful.
2024-10-27 17:11:14.088 -06:00 [INF] Executing endpoint 'backend.Controllers.ApiTableSpace.GetTableSpaces (backend)'
2024-10-27 17:11:14.089 -06:00 [INF] Route matched with {action = "GetTableSpaces", controller = "ApiTableSpace"}. Executing controller action with signature Microsoft.AspNetCore.Mvc.ActionResult`1[Response.ResGetTableSpaces] GetTableSpaces() on controller backend.Controllers.ApiTableSpace (backend).
2024-10-27 17:11:14.099 -06:00 [INF] Executing OkObjectResult, writing value of type 'Response.ResGetTableSpaces'.
2024-10-27 17:11:14.100 -06:00 [INF] Executed action backend.Controllers.ApiTableSpace.GetTableSpaces (backend) in 9.136ms
2024-10-27 17:11:14.102 -06:00 [INF] Executed endpoint 'backend.Controllers.ApiTableSpace.GetTableSpaces (backend)'
2024-10-27 17:11:14.102 -06:00 [INF] Request finished HTTP/1.1 GET http://localhost:5172/api/ApiTablespace/get-tablespaces - 200 null application/json; charset=utf-8 21.099ms
2024-10-27 17:11:14.102 -06:00 [INF] Request starting HTTP/1.1 GET http://localhost:5172/api/ApiTablespace/get-tablespaces - null null
2024-10-27 17:11:14.108 -06:00 [INF] CORS policy execution successful.
2024-10-27 17:11:14.108 -06:00 [INF] Executing endpoint 'backend.Controllers.ApiTableSpace.GetTableSpaces (backend)'
2024-10-27 17:11:14.109 -06:00 [INF] Route matched with {action = "GetTableSpaces", controller = "ApiTableSpace"}. Executing controller action with signature Microsoft.AspNetCore.Mvc.ActionResult`1[Response.ResGetTableSpaces] GetTableSpaces() on controller backend.Controllers.ApiTableSpace (backend).
2024-10-27 17:11:14.118 -06:00 [INF] Executing OkObjectResult, writing value of type 'Response.ResGetTableSpaces'.
2024-10-27 17:11:14.121 -06:00 [INF] Executed action backend.Controllers.ApiTableSpace.GetTableSpaces (backend) in 9.6012ms
2024-10-27 17:11:14.122 -06:00 [INF] Executed endpoint 'backend.Controllers.ApiTableSpace.GetTableSpaces (backend)'
2024-10-27 17:11:14.123 -06:00 [INF] Request finished HTTP/1.1 GET http://localhost:5172/api/ApiTablespace/get-tablespaces - 200 null application/json; charset=utf-8 20.391ms
2024-10-27 17:26:47.359 -06:00 [INF] Request starting HTTP/1.1 GET http://localhost:5172/swagger/index.html - null null
2024-10-27 17:26:47.431 -06:00 [INF] Request finished HTTP/1.1 GET http://localhost:5172/swagger/index.html - 200 null text/html;charset=utf-8 72.5927ms
2024-10-27 17:26:47.443 -06:00 [INF] Request starting HTTP/1.1 GET http://localhost:5172/_framework/aspnetcore-browser-refresh.js - null null
2024-10-27 17:26:47.444 -06:00 [INF] Request starting HTTP/1.1 GET http://localhost:5172/_vs/browserLink - null null
2024-10-27 17:26:47.452 -06:00 [INF] Request finished HTTP/1.1 GET http://localhost:5172/_framework/aspnetcore-browser-refresh.js - 200 13750 application/javascript; charset=utf-8 8.5135ms
2024-10-27 17:26:47.466 -06:00 [INF] Request finished HTTP/1.1 GET http://localhost:5172/_vs/browserLink - 200 null text/javascript; charset=UTF-8 22.2883ms
2024-10-27 17:26:47.597 -06:00 [INF] Request starting HTTP/1.1 GET http://localhost:5172/swagger/v1/swagger.json - null null
2024-10-27 17:26:47.616 -06:00 [INF] Request finished HTTP/1.1 GET http://localhost:5172/swagger/v1/swagger.json - 200 null application/json;charset=utf-8 18.1211ms
2024-10-27 17:26:53.842 -06:00 [INF] Request starting HTTP/1.1 GET http://localhost:5172/swagger/index.html - null null
2024-10-27 17:26:53.852 -06:00 [INF] Request finished HTTP/1.1 GET http://localhost:5172/swagger/index.html - 200 null text/html;charset=utf-8 10.2575ms
2024-10-27 17:26:53.864 -06:00 [INF] Request starting HTTP/1.1 GET http://localhost:5172/_vs/browserLink - null null
2024-10-27 17:26:53.864 -06:00 [INF] Request starting HTTP/1.1 GET http://localhost:5172/_framework/aspnetcore-browser-refresh.js - null null
2024-10-27 17:26:53.875 -06:00 [INF] Request finished HTTP/1.1 GET http://localhost:5172/_framework/aspnetcore-browser-refresh.js - 200 13750 application/javascript; charset=utf-8 10.8033ms
2024-10-27 17:26:53.883 -06:00 [INF] Request finished HTTP/1.1 GET http://localhost:5172/_vs/browserLink - 200 null text/javascript; charset=UTF-8 19.0642ms
2024-10-27 17:26:53.957 -06:00 [INF] Request starting HTTP/1.1 GET http://localhost:5172/swagger/v1/swagger.json - null null
2024-10-27 17:26:53.981 -06:00 [INF] Request finished HTTP/1.1 GET http://localhost:5172/swagger/v1/swagger.json - 200 null application/json;charset=utf-8 24.0855ms
2024-10-27 17:32:23.430 -06:00 [INF] Request starting HTTP/1.1 GET http://localhost:5172/swagger/index.html - null null
2024-10-27 17:32:23.449 -06:00 [INF] Request finished HTTP/1.1 GET http://localhost:5172/swagger/index.html - 200 null text/html;charset=utf-8 19.4806ms
2024-10-27 17:32:23.462 -06:00 [INF] Request starting HTTP/1.1 GET http://localhost:5172/_vs/browserLink - null null
2024-10-27 17:32:23.462 -06:00 [INF] Request starting HTTP/1.1 GET http://localhost:5172/_framework/aspnetcore-browser-refresh.js - null null
2024-10-27 17:32:23.472 -06:00 [INF] Request finished HTTP/1.1 GET http://localhost:5172/_framework/aspnetcore-browser-refresh.js - 200 13750 application/javascript; charset=utf-8 9.3805ms
2024-10-27 17:32:23.481 -06:00 [INF] Request finished HTTP/1.1 GET http://localhost:5172/_vs/browserLink - 200 null text/javascript; charset=UTF-8 18.9122ms
2024-10-27 17:32:23.528 -06:00 [INF] Request starting HTTP/1.1 GET http://localhost:5172/swagger/v1/swagger.json - null null
2024-10-27 17:32:23.538 -06:00 [INF] Request finished HTTP/1.1 GET http://localhost:5172/swagger/v1/swagger.json - 200 null application/json;charset=utf-8 10.0792ms
2024-10-27 17:32:33.476 -06:00 [INF] Now listening on: http://localhost:5172
2024-10-27 17:32:33.573 -06:00 [INF] Application started. Press Ctrl+C to shut down.
2024-10-27 17:32:33.575 -06:00 [INF] Hosting environment: Development
2024-10-27 17:32:33.576 -06:00 [INF] Content root path: C:\xampp\htdocs\ProyectoBasesDatos\backend\backend
2024-10-27 17:32:33.890 -06:00 [INF] Request starting HTTP/1.1 GET http://localhost:5172/swagger/index.html - null null
2024-10-27 17:32:34.043 -06:00 [INF] Request finished HTTP/1.1 GET http://localhost:5172/swagger/index.html - 200 null text/html;charset=utf-8 155.5554ms
2024-10-27 17:32:34.048 -06:00 [INF] Request starting HTTP/1.1 GET http://localhost:5172/_vs/browserLink - null null
2024-10-27 17:32:34.051 -06:00 [INF] Request starting HTTP/1.1 GET http://localhost:5172/_framework/aspnetcore-browser-refresh.js - null null
2024-10-27 17:32:34.060 -06:00 [INF] Request finished HTTP/1.1 GET http://localhost:5172/_framework/aspnetcore-browser-refresh.js - 200 13750 application/javascript; charset=utf-8 8.3585ms
2024-10-27 17:32:34.126 -06:00 [INF] Request finished HTTP/1.1 GET http://localhost:5172/_vs/browserLink - 200 null text/javascript; charset=UTF-8 78.4937ms
2024-10-27 17:32:34.157 -06:00 [INF] Request starting HTTP/1.1 GET http://localhost:5172/swagger/v1/swagger.json - null null
2024-10-27 17:32:34.227 -06:00 [INF] Request finished HTTP/1.1 GET http://localhost:5172/swagger/v1/swagger.json - 200 null application/json;charset=utf-8 69.3431ms
2024-10-27 17:33:54.020 -06:00 [INF] Request starting HTTP/1.1 GET http://localhost:5172/api/ApiTablespace/get-tablespaces - null null
2024-10-27 17:33:54.051 -06:00 [INF] CORS policy execution successful.
2024-10-27 17:33:54.062 -06:00 [INF] Executing endpoint 'backend.Controllers.ApiTableSpace.GetTableSpaces (backend)'
2024-10-27 17:33:54.098 -06:00 [INF] Route matched with {action = "GetTableSpaces", controller = "ApiTableSpace"}. Executing controller action with signature Microsoft.AspNetCore.Mvc.ActionResult`1[Response.ResGetTableSpaces] GetTableSpaces() on controller backend.Controllers.ApiTableSpace (backend).
2024-10-27 17:33:54.766 -06:00 [INF] Executing OkObjectResult, writing value of type 'Response.ResGetTableSpaces'.
2024-10-27 17:33:54.779 -06:00 [INF] Executed action backend.Controllers.ApiTableSpace.GetTableSpaces (backend) in 676.8037ms
2024-10-27 17:33:54.780 -06:00 [INF] Executed endpoint 'backend.Controllers.ApiTableSpace.GetTableSpaces (backend)'
2024-10-27 17:33:54.781 -06:00 [INF] Request finished HTTP/1.1 GET http://localhost:5172/api/ApiTablespace/get-tablespaces - 200 null application/json; charset=utf-8 766.2837ms
2024-10-27 17:34:00.005 -06:00 [INF] Request starting HTTP/1.1 GET http://localhost:5172/api/ApiTablespace/get-tablespaces - null null
2024-10-27 17:34:00.014 -06:00 [INF] CORS policy execution successful.
2024-10-27 17:34:00.016 -06:00 [INF] Executing endpoint 'backend.Controllers.ApiTableSpace.GetTableSpaces (backend)'
2024-10-27 17:34:00.018 -06:00 [INF] Route matched with {action = "GetTableSpaces", controller = "ApiTableSpace"}. Executing controller action with signature Microsoft.AspNetCore.Mvc.ActionResult`1[Response.ResGetTableSpaces] GetTableSpaces() on controller backend.Controllers.ApiTableSpace (backend).
2024-10-27 17:34:00.059 -06:00 [INF] Executing OkObjectResult, writing value of type 'Response.ResGetTableSpaces'.
2024-10-27 17:34:00.067 -06:00 [INF] Executed action backend.Controllers.ApiTableSpace.GetTableSpaces (backend) in 46.8519ms
2024-10-27 17:34:00.075 -06:00 [INF] Executed endpoint 'backend.Controllers.ApiTableSpace.GetTableSpaces (backend)'
2024-10-27 17:34:00.079 -06:00 [INF] Request finished HTTP/1.1 GET http://localhost:5172/api/ApiTablespace/get-tablespaces - 200 null application/json; charset=utf-8 73.5621ms
2024-10-27 17:34:20.009 -06:00 [INF] Request starting HTTP/1.1 GET http://localhost:5172/api/ApiTablespace/get-tablespaces - null null
2024-10-27 17:34:20.014 -06:00 [INF] CORS policy execution successful.
2024-10-27 17:34:20.016 -06:00 [INF] Executing endpoint 'backend.Controllers.ApiTableSpace.GetTableSpaces (backend)'
2024-10-27 17:34:20.017 -06:00 [INF] Route matched with {action = "GetTableSpaces", controller = "ApiTableSpace"}. Executing controller action with signature Microsoft.AspNetCore.Mvc.ActionResult`1[Response.ResGetTableSpaces] GetTableSpaces() on controller backend.Controllers.ApiTableSpace (backend).
2024-10-27 17:34:20.030 -06:00 [INF] Executing OkObjectResult, writing value of type 'Response.ResGetTableSpaces'.
2024-10-27 17:34:20.033 -06:00 [INF] Executed action backend.Controllers.ApiTableSpace.GetTableSpaces (backend) in 13.8386ms
2024-10-27 17:34:20.036 -06:00 [INF] Executed endpoint 'backend.Controllers.ApiTableSpace.GetTableSpaces (backend)'
2024-10-27 17:34:20.037 -06:00 [INF] Request finished HTTP/1.1 GET http://localhost:5172/api/ApiTablespace/get-tablespaces - 200 null application/json; charset=utf-8 28.674ms
2024-10-27 17:34:26.005 -06:00 [INF] Request starting HTTP/1.1 GET http://localhost:5172/api/ApiTablespace/get-tablespaces - null null
2024-10-27 17:34:26.007 -06:00 [INF] CORS policy execution successful.
2024-10-27 17:34:26.009 -06:00 [INF] Executing endpoint 'backend.Controllers.ApiTableSpace.GetTableSpaces (backend)'
2024-10-27 17:34:26.010 -06:00 [INF] Route matched with {action = "GetTableSpaces", controller = "ApiTableSpace"}. Executing controller action with signature Microsoft.AspNetCore.Mvc.ActionResult`1[Response.ResGetTableSpaces] GetTableSpaces() on controller backend.Controllers.ApiTableSpace (backend).
2024-10-27 17:34:26.018 -06:00 [INF] Executing OkObjectResult, writing value of type 'Response.ResGetTableSpaces'.
2024-10-27 17:34:26.019 -06:00 [INF] Executed action backend.Controllers.ApiTableSpace.GetTableSpaces (backend) in 8.1293ms
2024-10-27 17:34:26.020 -06:00 [INF] Executed endpoint 'backend.Controllers.ApiTableSpace.GetTableSpaces (backend)'
2024-10-27 17:34:26.022 -06:00 [INF] Request finished HTTP/1.1 GET http://localhost:5172/api/ApiTablespace/get-tablespaces - 200 null application/json; charset=utf-8 16.9565ms
2024-10-27 17:35:44.396 -06:00 [INF] Request starting HTTP/1.1 PUT http://localhost:5172/api/ApiTableSpace/modify-tablespace-size - application/json 50
2024-10-27 17:35:44.402 -06:00 [INF] CORS policy execution successful.
2024-10-27 17:35:44.403 -06:00 [INF] Executing endpoint 'backend.Controllers.ApiTableSpace.ModifyTableSpaceSize (backend)'
2024-10-27 17:35:44.417 -06:00 [INF] Route matched with {action = "ModifyTableSpaceSize", controller = "ApiTableSpace"}. Executing controller action with signature Microsoft.AspNetCore.Mvc.IActionResult ModifyTableSpaceSize(Request.ReqModifyTableSpaceSize) on controller backend.Controllers.ApiTableSpace (backend).
2024-10-27 17:35:44.516 -06:00 [INF] Executing BadRequestObjectResult, writing value of type 'Response.ResModifyTableSpaceSize'.
2024-10-27 17:35:44.519 -06:00 [INF] Executed action backend.Controllers.ApiTableSpace.ModifyTableSpaceSize (backend) in 99.9813ms
2024-10-27 17:35:44.523 -06:00 [INF] Executed endpoint 'backend.Controllers.ApiTableSpace.ModifyTableSpaceSize (backend)'
2024-10-27 17:35:44.524 -06:00 [INF] Request finished HTTP/1.1 PUT http://localhost:5172/api/ApiTableSpace/modify-tablespace-size - 400 null application/json; charset=utf-8 128.3031ms
2024-10-27 17:42:34.011 -06:00 [INF] Request starting HTTP/1.1 GET http://localhost:5172/api/ApiTablespace/get-tablespaces - null null
2024-10-27 17:42:34.017 -06:00 [INF] CORS policy execution successful.
2024-10-27 17:42:34.019 -06:00 [INF] Executing endpoint 'backend.Controllers.ApiTableSpace.GetTableSpaces (backend)'
2024-10-27 17:42:34.022 -06:00 [INF] Route matched with {action = "GetTableSpaces", controller = "ApiTableSpace"}. Executing controller action with signature Microsoft.AspNetCore.Mvc.ActionResult`1[Response.ResGetTableSpaces] GetTableSpaces() on controller backend.Controllers.ApiTableSpace (backend).
2024-10-27 17:42:34.033 -06:00 [INF] Executing OkObjectResult, writing value of type 'Response.ResGetTableSpaces'.
2024-10-27 17:42:34.036 -06:00 [INF] Executed action backend.Controllers.ApiTableSpace.GetTableSpaces (backend) in 11.7351ms
2024-10-27 17:42:34.039 -06:00 [INF] Executed endpoint 'backend.Controllers.ApiTableSpace.GetTableSpaces (backend)'
2024-10-27 17:42:34.041 -06:00 [INF] Request finished HTTP/1.1 GET http://localhost:5172/api/ApiTablespace/get-tablespaces - 200 null application/json; charset=utf-8 32.868ms
2024-10-27 17:42:37.006 -06:00 [INF] Request starting HTTP/1.1 GET http://localhost:5172/api/ApiTablespace/get-tablespaces - null null
2024-10-27 17:42:37.013 -06:00 [INF] CORS policy execution successful.
2024-10-27 17:42:37.015 -06:00 [INF] Executing endpoint 'backend.Controllers.ApiTableSpace.GetTableSpaces (backend)'
2024-10-27 17:42:37.018 -06:00 [INF] Route matched with {action = "GetTableSpaces", controller = "ApiTableSpace"}. Executing controller action with signature Microsoft.AspNetCore.Mvc.ActionResult`1[Response.ResGetTableSpaces] GetTableSpaces() on controller backend.Controllers.ApiTableSpace (backend).
2024-10-27 17:42:37.030 -06:00 [INF] Executing OkObjectResult, writing value of type 'Response.ResGetTableSpaces'.
2024-10-27 17:42:37.032 -06:00 [INF] Executed action backend.Controllers.ApiTableSpace.GetTableSpaces (backend) in 11.2092ms
2024-10-27 17:42:37.033 -06:00 [INF] Executed endpoint 'backend.Controllers.ApiTableSpace.GetTableSpaces (backend)'
2024-10-27 17:42:37.034 -06:00 [INF] Request finished HTTP/1.1 GET http://localhost:5172/api/ApiTablespace/get-tablespaces - 200 null application/json; charset=utf-8 28.1828ms
2024-10-27 17:42:39.994 -06:00 [INF] Request starting HTTP/1.1 GET http://localhost:5172/api/ApiTablespace/get-tablespaces - null null
2024-10-27 17:42:39.996 -06:00 [INF] CORS policy execution successful.
2024-10-27 17:42:39.998 -06:00 [INF] Executing endpoint 'backend.Controllers.ApiTableSpace.GetTableSpaces (backend)'
2024-10-27 17:42:39.999 -06:00 [INF] Route matched with {action = "GetTableSpaces", controller = "ApiTableSpace"}. Executing controller action with signature Microsoft.AspNetCore.Mvc.ActionResult`1[Response.ResGetTableSpaces] GetTableSpaces() on controller backend.Controllers.ApiTableSpace (backend).
2024-10-27 17:42:40.009 -06:00 [INF] Executing OkObjectResult, writing value of type 'Response.ResGetTableSpaces'.
2024-10-27 17:42:40.011 -06:00 [INF] Executed action backend.Controllers.ApiTableSpace.GetTableSpaces (backend) in 9.5495ms
2024-10-27 17:42:40.012 -06:00 [INF] Executed endpoint 'backend.Controllers.ApiTableSpace.GetTableSpaces (backend)'
2024-10-27 17:42:40.016 -06:00 [INF] Request finished HTTP/1.1 GET http://localhost:5172/api/ApiTablespace/get-tablespaces - 200 null application/json; charset=utf-8 22.0346ms
2024-10-27 17:43:01.006 -06:00 [INF] Request starting HTTP/1.1 GET http://localhost:5172/api/ApiTablespace/get-tablespaces - null null
2024-10-27 17:43:01.028 -06:00 [INF] CORS policy execution successful.
2024-10-27 17:43:01.029 -06:00 [INF] Executing endpoint 'backend.Controllers.ApiTableSpace.GetTableSpaces (backend)'
2024-10-27 17:43:01.032 -06:00 [INF] Route matched with {action = "GetTableSpaces", controller = "ApiTableSpace"}. Executing controller action with signature Microsoft.AspNetCore.Mvc.ActionResult`1[Response.ResGetTableSpaces] GetTableSpaces() on controller backend.Controllers.ApiTableSpace (backend).
2024-10-27 17:43:01.044 -06:00 [INF] Executing OkObjectResult, writing value of type 'Response.ResGetTableSpaces'.
2024-10-27 17:43:01.048 -06:00 [INF] Executed action backend.Controllers.ApiTableSpace.GetTableSpaces (backend) in 15.0338ms
2024-10-27 17:43:01.051 -06:00 [INF] Executed endpoint 'backend.Controllers.ApiTableSpace.GetTableSpaces (backend)'
2024-10-27 17:43:01.054 -06:00 [INF] Request finished HTTP/1.1 GET http://localhost:5172/api/ApiTablespace/get-tablespaces - 200 null application/json; charset=utf-8 48.0494ms
2024-10-27 17:43:03.005 -06:00 [INF] Request starting HTTP/1.1 GET http://localhost:5172/api/ApiTablespace/get-tablespaces - null null
2024-10-27 17:43:03.008 -06:00 [INF] CORS policy execution successful.
2024-10-27 17:43:03.009 -06:00 [INF] Executing endpoint 'backend.Controllers.ApiTableSpace.GetTableSpaces (backend)'
2024-10-27 17:43:03.010 -06:00 [INF] Route matched with {action = "GetTableSpaces", controller = "ApiTableSpace"}. Executing controller action with signature Microsoft.AspNetCore.Mvc.ActionResult`1[Response.ResGetTableSpaces] GetTableSpaces() on controller backend.Controllers.ApiTableSpace (backend).
2024-10-27 17:43:03.022 -06:00 [INF] Executing OkObjectResult, writing value of type 'Response.ResGetTableSpaces'.
2024-10-27 17:43:03.024 -06:00 [INF] Executed action backend.Controllers.ApiTableSpace.GetTableSpaces (backend) in 10.7349ms
2024-10-27 17:43:03.026 -06:00 [INF] Executed endpoint 'backend.Controllers.ApiTableSpace.GetTableSpaces (backend)'
2024-10-27 17:43:03.027 -06:00 [INF] Request finished HTTP/1.1 GET http://localhost:5172/api/ApiTablespace/get-tablespaces - 200 null application/json; charset=utf-8 22.333ms
2024-10-27 17:43:04.998 -06:00 [INF] Request starting HTTP/1.1 GET http://localhost:5172/api/ApiTablespace/get-tablespaces - null null
2024-10-27 17:43:05.000 -06:00 [INF] CORS policy execution successful.
2024-10-27 17:43:05.001 -06:00 [INF] Executing endpoint 'backend.Controllers.ApiTableSpace.GetTableSpaces (backend)'
2024-10-27 17:43:05.002 -06:00 [INF] Route matched with {action = "GetTableSpaces", controller = "ApiTableSpace"}. Executing controller action with signature Microsoft.AspNetCore.Mvc.ActionResult`1[Response.ResGetTableSpaces] GetTableSpaces() on controller backend.Controllers.ApiTableSpace (backend).
2024-10-27 17:43:05.012 -06:00 [INF] Executing OkObjectResult, writing value of type 'Response.ResGetTableSpaces'.
2024-10-27 17:43:05.013 -06:00 [INF] Executed action backend.Controllers.ApiTableSpace.GetTableSpaces (backend) in 9.4513ms
2024-10-27 17:43:05.015 -06:00 [INF] Executed endpoint 'backend.Controllers.ApiTableSpace.GetTableSpaces (backend)'
2024-10-27 17:43:05.017 -06:00 [INF] Request finished HTTP/1.1 GET http://localhost:5172/api/ApiTablespace/get-tablespaces - 200 null application/json; charset=utf-8 19.0524ms
2024-10-27 17:43:55.016 -06:00 [INF] Request starting HTTP/1.1 GET http://localhost:5172/api/ApiTablespace/get-tablespaces - null null
2024-10-27 17:43:55.020 -06:00 [INF] CORS policy execution successful.
2024-10-27 17:43:55.021 -06:00 [INF] Executing endpoint 'backend.Controllers.ApiTableSpace.GetTableSpaces (backend)'
2024-10-27 17:43:55.022 -06:00 [INF] Route matched with {action = "GetTableSpaces", controller = "ApiTableSpace"}. Executing controller action with signature Microsoft.AspNetCore.Mvc.ActionResult`1[Response.ResGetTableSpaces] GetTableSpaces() on controller backend.Controllers.ApiTableSpace (backend).
2024-10-27 17:43:55.032 -06:00 [INF] Executing OkObjectResult, writing value of type 'Response.ResGetTableSpaces'.
2024-10-27 17:43:55.034 -06:00 [INF] Executed action backend.Controllers.ApiTableSpace.GetTableSpaces (backend) in 9.1811ms
2024-10-27 17:43:55.040 -06:00 [INF] Executed endpoint 'backend.Controllers.ApiTableSpace.GetTableSpaces (backend)'
2024-10-27 17:43:55.040 -06:00 [INF] Request finished HTTP/1.1 GET http://localhost:5172/api/ApiTablespace/get-tablespaces - 200 null application/json; charset=utf-8 27.5136ms
2024-10-27 17:46:40.493 -06:00 [INF] Request starting HTTP/1.1 DELETE http://localhost:5172/api/ApiTableSpace/aaa - null null
2024-10-27 17:46:40.496 -06:00 [INF] CORS policy execution successful.
2024-10-27 17:46:40.497 -06:00 [INF] Executing endpoint 'backend.Controllers.ApiTableSpace.DeleteTablespace (backend)'
2024-10-27 17:46:40.510 -06:00 [INF] Route matched with {action = "DeleteTablespace", controller = "ApiTableSpace"}. Executing controller action with signature System.Threading.Tasks.Task`1[Microsoft.AspNetCore.Mvc.IActionResult] DeleteTablespace(System.String) on controller backend.Controllers.ApiTableSpace (backend).
2024-10-27 17:46:40.706 -06:00 [INF] Executing BadRequestObjectResult, writing value of type 'Response.ResDeleteTableSpace'.
2024-10-27 17:46:40.712 -06:00 [INF] Executed action backend.Controllers.ApiTableSpace.DeleteTablespace (backend) in 198.863ms
2024-10-27 17:46:40.714 -06:00 [INF] Executed endpoint 'backend.Controllers.ApiTableSpace.DeleteTablespace (backend)'
2024-10-27 17:46:40.717 -06:00 [INF] Request finished HTTP/1.1 DELETE http://localhost:5172/api/ApiTableSpace/aaa - 400 null application/json; charset=utf-8 225.2335ms
2024-10-27 17:51:28.022 -06:00 [INF] Request starting HTTP/1.1 GET http://localhost:5172/api/ApiTablespace/get-tablespaces - null null
2024-10-27 17:51:28.026 -06:00 [INF] CORS policy execution successful.
2024-10-27 17:51:28.026 -06:00 [INF] Executing endpoint 'backend.Controllers.ApiTableSpace.GetTableSpaces (backend)'
2024-10-27 17:51:28.027 -06:00 [INF] Route matched with {action = "GetTableSpaces", controller = "ApiTableSpace"}. Executing controller action with signature Microsoft.AspNetCore.Mvc.ActionResult`1[Response.ResGetTableSpaces] GetTableSpaces() on controller backend.Controllers.ApiTableSpace (backend).
2024-10-27 17:51:28.035 -06:00 [INF] Executing OkObjectResult, writing value of type 'Response.ResGetTableSpaces'.
2024-10-27 17:51:28.036 -06:00 [INF] Executed action backend.Controllers.ApiTableSpace.GetTableSpaces (backend) in 8.4558ms
2024-10-27 17:51:28.038 -06:00 [INF] Executed endpoint 'backend.Controllers.ApiTableSpace.GetTableSpaces (backend)'
2024-10-27 17:51:28.038 -06:00 [INF] Request finished HTTP/1.1 GET http://localhost:5172/api/ApiTablespace/get-tablespaces - 200 null application/json; charset=utf-8 16.1488ms
2024-10-27 17:53:29.005 -06:00 [INF] Request starting HTTP/1.1 OPTIONS http://localhost:5172/api/ApiTableSpace/modify-tablespace-size - null null
2024-10-27 17:53:29.008 -06:00 [INF] CORS policy execution successful.
2024-10-27 17:53:29.010 -06:00 [INF] Request finished HTTP/1.1 OPTIONS http://localhost:5172/api/ApiTableSpace/modify-tablespace-size - 204 null null 5.1967ms
2024-10-27 17:53:29.021 -06:00 [INF] Request starting HTTP/1.1 PUT http://localhost:5172/api/ApiTableSpace/modify-tablespace-size - application/json 43
2024-10-27 17:53:29.024 -06:00 [INF] CORS policy execution successful.
2024-10-27 17:53:29.025 -06:00 [INF] Executing endpoint 'backend.Controllers.ApiTableSpace.ModifyTableSpaceSize (backend)'
2024-10-27 17:53:29.026 -06:00 [INF] Route matched with {action = "ModifyTableSpaceSize", controller = "ApiTableSpace"}. Executing controller action with signature Microsoft.AspNetCore.Mvc.IActionResult ModifyTableSpaceSize(Request.ReqModifyTableSpaceSize) on controller backend.Controllers.ApiTableSpace (backend).
2024-10-27 17:53:29.416 -06:00 [INF] Executing OkObjectResult, writing value of type 'Response.ResModifyTableSpaceSize'.
2024-10-27 17:53:29.419 -06:00 [INF] Executed action backend.Controllers.ApiTableSpace.ModifyTableSpaceSize (backend) in 391.4743ms
2024-10-27 17:53:29.421 -06:00 [INF] Executed endpoint 'backend.Controllers.ApiTableSpace.ModifyTableSpaceSize (backend)'
2024-10-27 17:53:29.422 -06:00 [INF] Request finished HTTP/1.1 PUT http://localhost:5172/api/ApiTableSpace/modify-tablespace-size - 200 null application/json; charset=utf-8 401.2606ms
2024-10-27 17:53:34.757 -06:00 [INF] Request starting HTTP/1.1 GET http://localhost:5172/api/ApiTablespace/get-tablespaces - null null
2024-10-27 17:53:34.763 -06:00 [INF] CORS policy execution successful.
2024-10-27 17:53:34.764 -06:00 [INF] Executing endpoint 'backend.Controllers.ApiTableSpace.GetTableSpaces (backend)'
2024-10-27 17:53:34.766 -06:00 [INF] Route matched with {action = "GetTableSpaces", controller = "ApiTableSpace"}. Executing controller action with signature Microsoft.AspNetCore.Mvc.ActionResult`1[Response.ResGetTableSpaces] GetTableSpaces() on controller backend.Controllers.ApiTableSpace (backend).
2024-10-27 17:53:34.777 -06:00 [INF] Executing OkObjectResult, writing value of type 'Response.ResGetTableSpaces'.
2024-10-27 17:53:34.778 -06:00 [INF] Executed action backend.Controllers.ApiTableSpace.GetTableSpaces (backend) in 10.8322ms
2024-10-27 17:53:34.779 -06:00 [INF] Executed endpoint 'backend.Controllers.ApiTableSpace.GetTableSpaces (backend)'
2024-10-27 17:53:34.780 -06:00 [INF] Request finished HTTP/1.1 GET http://localhost:5172/api/ApiTablespace/get-tablespaces - 200 null application/json; charset=utf-8 23.0046ms
2024-10-27 17:53:34.782 -06:00 [INF] Request starting HTTP/1.1 GET http://localhost:5172/api/ApiTablespace/get-tablespaces - null null
2024-10-27 17:53:34.786 -06:00 [INF] CORS policy execution successful.
2024-10-27 17:53:34.787 -06:00 [INF] Executing endpoint 'backend.Controllers.ApiTableSpace.GetTableSpaces (backend)'
2024-10-27 17:53:34.790 -06:00 [INF] Route matched with {action = "GetTableSpaces", controller = "ApiTableSpace"}. Executing controller action with signature Microsoft.AspNetCore.Mvc.ActionResult`1[Response.ResGetTableSpaces] GetTableSpaces() on controller backend.Controllers.ApiTableSpace (backend).
2024-10-27 17:53:34.798 -06:00 [INF] Executing OkObjectResult, writing value of type 'Response.ResGetTableSpaces'.
2024-10-27 17:53:34.800 -06:00 [INF] Executed action backend.Controllers.ApiTableSpace.GetTableSpaces (backend) in 8.0172ms
2024-10-27 17:53:34.801 -06:00 [INF] Executed endpoint 'backend.Controllers.ApiTableSpace.GetTableSpaces (backend)'
2024-10-27 17:53:34.802 -06:00 [INF] Request finished HTTP/1.1 GET http://localhost:5172/api/ApiTablespace/get-tablespaces - 200 null application/json; charset=utf-8 20.2574ms
