2024-10-28 11:24:24.567 -06:00 [ERR] Hosting failed to start
System.IO.IOException: Failed to bind to address http://127.0.0.1:5172: address already in use.
 ---> Microsoft.AspNetCore.Connections.AddressInUseException: Solo se permite un uso de cada dirección de socket (protocolo/dirección de red/puerto)
 ---> System.Net.Sockets.SocketException (10048): Solo se permite un uso de cada dirección de socket (protocolo/dirección de red/puerto)
   at System.Net.Sockets.Socket.UpdateStatusAfterSocketErrorAndThrowException(SocketError error, Boolean disconnectOnFailure, String callerName)
   at System.Net.Sockets.Socket.DoBind(EndPoint endPointSnapshot, SocketAddress socketAddress)
   at System.Net.Sockets.Socket.Bind(EndPoint localEP)
   at Microsoft.AspNetCore.Server.Kestrel.Transport.Sockets.SocketTransportOptions.CreateDefaultBoundListenSocket(EndPoint endpoint)
   at Microsoft.AspNetCore.Server.Kestrel.Transport.Sockets.SocketConnectionListener.Bind()
   --- End of inner exception stack trace ---
   at Microsoft.AspNetCore.Server.Kestrel.Transport.Sockets.SocketConnectionListener.Bind()
   at Microsoft.AspNetCore.Server.Kestrel.Transport.Sockets.SocketTransportFactory.BindAsync(EndPoint endpoint, CancellationToken cancellationToken)
   at Microsoft.AspNetCore.Server.Kestrel.Core.Internal.Infrastructure.TransportManager.BindAsync(EndPoint endPoint, ConnectionDelegate connectionDelegate, EndpointConfig endpointConfig, CancellationToken cancellationToken)
   at Microsoft.AspNetCore.Server.Kestrel.Core.KestrelServerImpl.<>c__DisplayClass28_0`1.<<StartAsync>g__OnBind|0>d.MoveNext()
--- End of stack trace from previous location ---
   at Microsoft.AspNetCore.Server.Kestrel.Core.Internal.AddressBinder.BindEndpointAsync(ListenOptions endpoint, AddressBindContext context, CancellationToken cancellationToken)
   --- End of inner exception stack trace ---
   at Microsoft.AspNetCore.Server.Kestrel.Core.Internal.AddressBinder.BindEndpointAsync(ListenOptions endpoint, AddressBindContext context, CancellationToken cancellationToken)
   at Microsoft.AspNetCore.Server.Kestrel.Core.LocalhostListenOptions.BindAsync(AddressBindContext context, CancellationToken cancellationToken)
   at Microsoft.AspNetCore.Server.Kestrel.Core.Internal.AddressBinder.AddressesStrategy.BindAsync(AddressBindContext context, CancellationToken cancellationToken)
   at Microsoft.AspNetCore.Server.Kestrel.Core.Internal.AddressBinder.BindAsync(ListenOptions[] listenOptions, AddressBindContext context, Func`2 useHttps, CancellationToken cancellationToken)
   at Microsoft.AspNetCore.Server.Kestrel.Core.KestrelServerImpl.BindAsync(CancellationToken cancellationToken)
   at Microsoft.AspNetCore.Server.Kestrel.Core.KestrelServerImpl.StartAsync[TContext](IHttpApplication`1 application, CancellationToken cancellationToken)
   at Microsoft.AspNetCore.Hosting.GenericWebHostService.StartAsync(CancellationToken cancellationToken)
   at Microsoft.Extensions.Hosting.Internal.Host.<StartAsync>b__15_1(IHostedService service, CancellationToken token)
   at Microsoft.Extensions.Hosting.Internal.Host.ForeachService[T](IEnumerable`1 services, CancellationToken token, Boolean concurrent, Boolean abortOnFirstException, List`1 exceptions, Func`3 operation)
2024-10-28 11:27:01.699 -06:00 [INF] Now listening on: http://localhost:5172
2024-10-28 11:27:01.811 -06:00 [INF] Application started. Press Ctrl+C to shut down.
2024-10-28 11:27:01.813 -06:00 [INF] Hosting environment: Development
2024-10-28 11:27:01.813 -06:00 [INF] Content root path: C:\xampp\htdocs\ProyectoBasesDatos\backend\backend
2024-10-28 11:27:02.248 -06:00 [INF] Request starting HTTP/1.1 GET http://localhost:5172/swagger/index.html - null null
2024-10-28 11:27:02.482 -06:00 [INF] Request finished HTTP/1.1 GET http://localhost:5172/swagger/index.html - 200 null text/html;charset=utf-8 241.0687ms
2024-10-28 11:27:03.058 -06:00 [INF] Request starting HTTP/1.1 GET http://localhost:5172/_framework/aspnetcore-browser-refresh.js - null null
2024-10-28 11:27:03.058 -06:00 [INF] Request starting HTTP/1.1 GET http://localhost:5172/_vs/browserLink - null null
2024-10-28 11:27:03.064 -06:00 [INF] Request finished HTTP/1.1 GET http://localhost:5172/_framework/aspnetcore-browser-refresh.js - 200 13750 application/javascript; charset=utf-8 5.6186ms
2024-10-28 11:27:03.105 -06:00 [INF] Request finished HTTP/1.1 GET http://localhost:5172/_vs/browserLink - 200 null text/javascript; charset=UTF-8 46.5682ms
2024-10-28 11:27:03.457 -06:00 [INF] Request starting HTTP/1.1 GET http://localhost:5172/swagger/v1/swagger.json - null null
2024-10-28 11:27:03.558 -06:00 [INF] Request finished HTTP/1.1 GET http://localhost:5172/swagger/v1/swagger.json - 200 null application/json;charset=utf-8 100.9054ms
2024-10-28 11:27:09.499 -06:00 [INF] Request starting HTTP/1.1 GET http://localhost:5172/api/Database/test-connection - null null
2024-10-28 11:27:09.510 -06:00 [INF] Executing endpoint 'backend.Controllers.DatabaseController.TestConnection (backend)'
2024-10-28 11:27:09.534 -06:00 [INF] Route matched with {action = "TestConnection", controller = "Database"}. Executing controller action with signature System.Threading.Tasks.Task`1[Microsoft.AspNetCore.Mvc.IActionResult] TestConnection() on controller backend.Controllers.DatabaseController (backend).
2024-10-28 11:27:11.167 -06:00 [ERR] Error de Oracle: ORA-01017: nombre de usuario/contraseña no válidos; conexión denegada
https://docs.oracle.com/error-help/db/ora-01017/, Código: 1017
2024-10-28 11:27:11.252 -06:00 [INF] Executing ObjectResult, writing value of type 'System.String'.
2024-10-28 11:27:11.259 -06:00 [INF] Executed action backend.Controllers.DatabaseController.TestConnection (backend) in 1720.8515ms
2024-10-28 11:27:11.260 -06:00 [INF] Executed endpoint 'backend.Controllers.DatabaseController.TestConnection (backend)'
2024-10-28 11:27:11.262 -06:00 [INF] Request finished HTTP/1.1 GET http://localhost:5172/api/Database/test-connection - 500 null text/plain; charset=utf-8 1763.9053ms
2024-10-28 11:28:24.775 -06:00 [INF] Now listening on: http://localhost:5172
2024-10-28 11:28:24.876 -06:00 [INF] Application started. Press Ctrl+C to shut down.
2024-10-28 11:28:24.878 -06:00 [INF] Hosting environment: Development
2024-10-28 11:28:24.878 -06:00 [INF] Content root path: C:\xampp\htdocs\ProyectoBasesDatos\backend\backend
2024-10-28 11:28:27.726 -06:00 [INF] Request starting HTTP/1.1 GET http://localhost:5172/swagger/index.html - null null
2024-10-28 11:28:28.323 -06:00 [INF] Request finished HTTP/1.1 GET http://localhost:5172/swagger/index.html - 200 null text/html;charset=utf-8 604.7721ms
2024-10-28 11:28:28.373 -06:00 [INF] Request starting HTTP/1.1 GET http://localhost:5172/_framework/aspnetcore-browser-refresh.js - null null
2024-10-28 11:28:28.496 -06:00 [INF] Request finished HTTP/1.1 GET http://localhost:5172/_framework/aspnetcore-browser-refresh.js - 200 13750 application/javascript; charset=utf-8 123.92ms
2024-10-28 11:28:28.610 -06:00 [INF] Request starting HTTP/1.1 GET http://localhost:5172/_vs/browserLink - null null
2024-10-28 11:28:28.996 -06:00 [INF] Request finished HTTP/1.1 GET http://localhost:5172/_vs/browserLink - 200 null text/javascript; charset=UTF-8 386.9138ms
2024-10-28 11:28:30.140 -06:00 [INF] Request starting HTTP/1.1 GET http://localhost:5172/swagger/v1/swagger.json - null null
2024-10-28 11:28:30.343 -06:00 [INF] Request finished HTTP/1.1 GET http://localhost:5172/swagger/v1/swagger.json - 200 null application/json;charset=utf-8 202.9296ms
2024-10-28 11:28:36.739 -06:00 [INF] Request starting HTTP/1.1 GET http://localhost:5172/api/Database/test-connection - null null
2024-10-28 11:28:36.753 -06:00 [INF] Executing endpoint 'backend.Controllers.DatabaseController.TestConnection (backend)'
2024-10-28 11:28:36.779 -06:00 [INF] Route matched with {action = "TestConnection", controller = "Database"}. Executing controller action with signature System.Threading.Tasks.Task`1[Microsoft.AspNetCore.Mvc.IActionResult] TestConnection() on controller backend.Controllers.DatabaseController (backend).
2024-10-28 11:28:38.466 -06:00 [ERR] Error de Oracle: ORA-01017: nombre de usuario/contraseña no válidos; conexión denegada
https://docs.oracle.com/error-help/db/ora-01017/, Código: 1017
2024-10-28 11:28:38.545 -06:00 [INF] Executing ObjectResult, writing value of type 'System.String'.
2024-10-28 11:28:38.554 -06:00 [INF] Executed action backend.Controllers.DatabaseController.TestConnection (backend) in 1769.5623ms
2024-10-28 11:28:38.555 -06:00 [INF] Executed endpoint 'backend.Controllers.DatabaseController.TestConnection (backend)'
2024-10-28 11:28:38.556 -06:00 [INF] Request finished HTTP/1.1 GET http://localhost:5172/api/Database/test-connection - 500 null text/plain; charset=utf-8 1817.2852ms
2024-10-28 11:28:55.206 -06:00 [INF] Request starting HTTP/1.1 POST http://localhost:5172/api/ApiAuditoria/auditarInsert - application/json 180
2024-10-28 11:28:55.212 -06:00 [INF] CORS policy execution successful.
2024-10-28 11:28:55.215 -06:00 [INF] Executing endpoint 'ApiAuditoria.AuditarInsert (backend)'
2024-10-28 11:28:55.225 -06:00 [INF] Route matched with {action = "AuditarInsert", controller = "ApiAuditoria"}. Executing controller action with signature Microsoft.AspNetCore.Mvc.IActionResult AuditarInsert(Request.ReqConfigurarAuditoria) on controller ApiAuditoria (backend).
2024-10-28 11:28:55.233 -06:00 [INF] Executed action ApiAuditoria.AuditarInsert (backend) in 3.1605ms
2024-10-28 11:28:55.234 -06:00 [INF] Executed endpoint 'ApiAuditoria.AuditarInsert (backend)'
2024-10-28 11:28:55.236 -06:00 [ERR] An unhandled exception has occurred while executing the request.
System.InvalidOperationException: Unable to resolve service for type 'Logica.Auditoria' while attempting to activate 'ApiAuditoria'.
   at Microsoft.Extensions.DependencyInjection.ActivatorUtilities.ThrowHelperUnableToResolveService(Type type, Type requiredBy)
   at lambda_method12(Closure, IServiceProvider, Object[])
   at Microsoft.AspNetCore.Mvc.Controllers.ControllerFactoryProvider.<>c__DisplayClass6_0.<CreateControllerFactory>g__CreateController|0(ControllerContext controllerContext)
   at Microsoft.AspNetCore.Mvc.Infrastructure.ControllerActionInvoker.Next(State& next, Scope& scope, Object& state, Boolean& isCompleted)
   at Microsoft.AspNetCore.Mvc.Infrastructure.ControllerActionInvoker.InvokeInnerFilterAsync()
--- End of stack trace from previous location ---
   at Microsoft.AspNetCore.Mvc.Infrastructure.ResourceInvoker.<InvokeFilterPipelineAsync>g__Awaited|20_0(ResourceInvoker invoker, Task lastTask, State next, Scope scope, Object state, Boolean isCompleted)
   at Microsoft.AspNetCore.Mvc.Infrastructure.ResourceInvoker.<InvokeAsync>g__Logged|17_1(ResourceInvoker invoker)
   at Microsoft.AspNetCore.Mvc.Infrastructure.ResourceInvoker.<InvokeAsync>g__Logged|17_1(ResourceInvoker invoker)
   at Microsoft.AspNetCore.Routing.EndpointMiddleware.<Invoke>g__AwaitRequestTask|7_0(Endpoint endpoint, Task requestTask, ILogger logger)
   at Microsoft.AspNetCore.Authorization.AuthorizationMiddleware.Invoke(HttpContext context)
   at Swashbuckle.AspNetCore.SwaggerUI.SwaggerUIMiddleware.Invoke(HttpContext httpContext)
   at Swashbuckle.AspNetCore.Swagger.SwaggerMiddleware.Invoke(HttpContext httpContext, ISwaggerProvider swaggerProvider)
   at Microsoft.AspNetCore.Authentication.AuthenticationMiddleware.Invoke(HttpContext context)
   at Microsoft.AspNetCore.Diagnostics.DeveloperExceptionPageMiddlewareImpl.Invoke(HttpContext context)
2024-10-28 11:28:55.245 -06:00 [INF] Request finished HTTP/1.1 POST http://localhost:5172/api/ApiAuditoria/auditarInsert - 500 null text/plain; charset=utf-8 39.5593ms
2024-10-28 11:28:58.831 -06:00 [INF] Request starting HTTP/1.1 POST http://localhost:5172/api/ApiAuditoria/auditarInsert - application/json 180
2024-10-28 11:28:58.836 -06:00 [INF] CORS policy execution successful.
2024-10-28 11:28:58.837 -06:00 [INF] Executing endpoint 'ApiAuditoria.AuditarInsert (backend)'
2024-10-28 11:28:58.838 -06:00 [INF] Route matched with {action = "AuditarInsert", controller = "ApiAuditoria"}. Executing controller action with signature Microsoft.AspNetCore.Mvc.IActionResult AuditarInsert(Request.ReqConfigurarAuditoria) on controller ApiAuditoria (backend).
2024-10-28 11:28:58.841 -06:00 [INF] Executed action ApiAuditoria.AuditarInsert (backend) in 0.5218ms
2024-10-28 11:28:58.842 -06:00 [INF] Executed endpoint 'ApiAuditoria.AuditarInsert (backend)'
2024-10-28 11:28:58.843 -06:00 [ERR] An unhandled exception has occurred while executing the request.
System.InvalidOperationException: Unable to resolve service for type 'Logica.Auditoria' while attempting to activate 'ApiAuditoria'.
   at Microsoft.Extensions.DependencyInjection.ActivatorUtilities.ThrowHelperUnableToResolveService(Type type, Type requiredBy)
   at lambda_method12(Closure, IServiceProvider, Object[])
   at Microsoft.AspNetCore.Mvc.Controllers.ControllerFactoryProvider.<>c__DisplayClass6_0.<CreateControllerFactory>g__CreateController|0(ControllerContext controllerContext)
   at Microsoft.AspNetCore.Mvc.Infrastructure.ControllerActionInvoker.Next(State& next, Scope& scope, Object& state, Boolean& isCompleted)
   at Microsoft.AspNetCore.Mvc.Infrastructure.ControllerActionInvoker.InvokeInnerFilterAsync()
--- End of stack trace from previous location ---
   at Microsoft.AspNetCore.Mvc.Infrastructure.ResourceInvoker.<InvokeFilterPipelineAsync>g__Awaited|20_0(ResourceInvoker invoker, Task lastTask, State next, Scope scope, Object state, Boolean isCompleted)
   at Microsoft.AspNetCore.Mvc.Infrastructure.ResourceInvoker.<InvokeAsync>g__Logged|17_1(ResourceInvoker invoker)
   at Microsoft.AspNetCore.Mvc.Infrastructure.ResourceInvoker.<InvokeAsync>g__Logged|17_1(ResourceInvoker invoker)
   at Microsoft.AspNetCore.Routing.EndpointMiddleware.<Invoke>g__AwaitRequestTask|7_0(Endpoint endpoint, Task requestTask, ILogger logger)
   at Microsoft.AspNetCore.Authorization.AuthorizationMiddleware.Invoke(HttpContext context)
   at Swashbuckle.AspNetCore.SwaggerUI.SwaggerUIMiddleware.Invoke(HttpContext httpContext)
   at Swashbuckle.AspNetCore.Swagger.SwaggerMiddleware.Invoke(HttpContext httpContext, ISwaggerProvider swaggerProvider)
   at Microsoft.AspNetCore.Authentication.AuthenticationMiddleware.Invoke(HttpContext context)
   at Microsoft.AspNetCore.Diagnostics.DeveloperExceptionPageMiddlewareImpl.Invoke(HttpContext context)
2024-10-28 11:28:58.849 -06:00 [INF] Request finished HTTP/1.1 POST http://localhost:5172/api/ApiAuditoria/auditarInsert - 500 null text/plain; charset=utf-8 18.0916ms
2024-10-28 11:28:59.759 -06:00 [INF] Request starting HTTP/1.1 POST http://localhost:5172/api/ApiAuditoria/auditarInsert - application/json 180
2024-10-28 11:28:59.762 -06:00 [INF] CORS policy execution successful.
2024-10-28 11:28:59.774 -06:00 [INF] Executing endpoint 'ApiAuditoria.AuditarInsert (backend)'
2024-10-28 11:28:59.775 -06:00 [INF] Route matched with {action = "AuditarInsert", controller = "ApiAuditoria"}. Executing controller action with signature Microsoft.AspNetCore.Mvc.IActionResult AuditarInsert(Request.ReqConfigurarAuditoria) on controller ApiAuditoria (backend).
2024-10-28 11:28:59.779 -06:00 [INF] Executed action ApiAuditoria.AuditarInsert (backend) in 0.9754ms
2024-10-28 11:28:59.781 -06:00 [INF] Executed endpoint 'ApiAuditoria.AuditarInsert (backend)'
2024-10-28 11:28:59.783 -06:00 [ERR] An unhandled exception has occurred while executing the request.
System.InvalidOperationException: Unable to resolve service for type 'Logica.Auditoria' while attempting to activate 'ApiAuditoria'.
   at Microsoft.Extensions.DependencyInjection.ActivatorUtilities.ThrowHelperUnableToResolveService(Type type, Type requiredBy)
   at lambda_method12(Closure, IServiceProvider, Object[])
   at Microsoft.AspNetCore.Mvc.Controllers.ControllerFactoryProvider.<>c__DisplayClass6_0.<CreateControllerFactory>g__CreateController|0(ControllerContext controllerContext)
   at Microsoft.AspNetCore.Mvc.Infrastructure.ControllerActionInvoker.Next(State& next, Scope& scope, Object& state, Boolean& isCompleted)
   at Microsoft.AspNetCore.Mvc.Infrastructure.ControllerActionInvoker.InvokeInnerFilterAsync()
--- End of stack trace from previous location ---
   at Microsoft.AspNetCore.Mvc.Infrastructure.ResourceInvoker.<InvokeFilterPipelineAsync>g__Awaited|20_0(ResourceInvoker invoker, Task lastTask, State next, Scope scope, Object state, Boolean isCompleted)
   at Microsoft.AspNetCore.Mvc.Infrastructure.ResourceInvoker.<InvokeAsync>g__Logged|17_1(ResourceInvoker invoker)
   at Microsoft.AspNetCore.Mvc.Infrastructure.ResourceInvoker.<InvokeAsync>g__Logged|17_1(ResourceInvoker invoker)
   at Microsoft.AspNetCore.Routing.EndpointMiddleware.<Invoke>g__AwaitRequestTask|7_0(Endpoint endpoint, Task requestTask, ILogger logger)
   at Microsoft.AspNetCore.Authorization.AuthorizationMiddleware.Invoke(HttpContext context)
   at Swashbuckle.AspNetCore.SwaggerUI.SwaggerUIMiddleware.Invoke(HttpContext httpContext)
   at Swashbuckle.AspNetCore.Swagger.SwaggerMiddleware.Invoke(HttpContext httpContext, ISwaggerProvider swaggerProvider)
   at Microsoft.AspNetCore.Authentication.AuthenticationMiddleware.Invoke(HttpContext context)
   at Microsoft.AspNetCore.Diagnostics.DeveloperExceptionPageMiddlewareImpl.Invoke(HttpContext context)
2024-10-28 11:28:59.787 -06:00 [INF] Request finished HTTP/1.1 POST http://localhost:5172/api/ApiAuditoria/auditarInsert - 500 null text/plain; charset=utf-8 28.2196ms
2024-10-28 11:29:03.717 -06:00 [INF] Request starting HTTP/1.1 POST http://localhost:5172/api/ApiAuditoria/auditarInsert - application/json 180
2024-10-28 11:29:03.719 -06:00 [INF] CORS policy execution successful.
2024-10-28 11:29:03.721 -06:00 [INF] Executing endpoint 'ApiAuditoria.AuditarInsert (backend)'
2024-10-28 11:29:03.722 -06:00 [INF] Route matched with {action = "AuditarInsert", controller = "ApiAuditoria"}. Executing controller action with signature Microsoft.AspNetCore.Mvc.IActionResult AuditarInsert(Request.ReqConfigurarAuditoria) on controller ApiAuditoria (backend).
2024-10-28 11:29:03.726 -06:00 [INF] Executed action ApiAuditoria.AuditarInsert (backend) in 0.7439ms
2024-10-28 11:29:03.728 -06:00 [INF] Executed endpoint 'ApiAuditoria.AuditarInsert (backend)'
2024-10-28 11:29:03.730 -06:00 [ERR] An unhandled exception has occurred while executing the request.
System.InvalidOperationException: Unable to resolve service for type 'Logica.Auditoria' while attempting to activate 'ApiAuditoria'.
   at Microsoft.Extensions.DependencyInjection.ActivatorUtilities.ThrowHelperUnableToResolveService(Type type, Type requiredBy)
   at lambda_method12(Closure, IServiceProvider, Object[])
   at Microsoft.AspNetCore.Mvc.Controllers.ControllerFactoryProvider.<>c__DisplayClass6_0.<CreateControllerFactory>g__CreateController|0(ControllerContext controllerContext)
   at Microsoft.AspNetCore.Mvc.Infrastructure.ControllerActionInvoker.Next(State& next, Scope& scope, Object& state, Boolean& isCompleted)
   at Microsoft.AspNetCore.Mvc.Infrastructure.ControllerActionInvoker.InvokeInnerFilterAsync()
--- End of stack trace from previous location ---
   at Microsoft.AspNetCore.Mvc.Infrastructure.ResourceInvoker.<InvokeFilterPipelineAsync>g__Awaited|20_0(ResourceInvoker invoker, Task lastTask, State next, Scope scope, Object state, Boolean isCompleted)
   at Microsoft.AspNetCore.Mvc.Infrastructure.ResourceInvoker.<InvokeAsync>g__Logged|17_1(ResourceInvoker invoker)
   at Microsoft.AspNetCore.Mvc.Infrastructure.ResourceInvoker.<InvokeAsync>g__Logged|17_1(ResourceInvoker invoker)
   at Microsoft.AspNetCore.Routing.EndpointMiddleware.<Invoke>g__AwaitRequestTask|7_0(Endpoint endpoint, Task requestTask, ILogger logger)
   at Microsoft.AspNetCore.Authorization.AuthorizationMiddleware.Invoke(HttpContext context)
   at Swashbuckle.AspNetCore.SwaggerUI.SwaggerUIMiddleware.Invoke(HttpContext httpContext)
   at Swashbuckle.AspNetCore.Swagger.SwaggerMiddleware.Invoke(HttpContext httpContext, ISwaggerProvider swaggerProvider)
   at Microsoft.AspNetCore.Authentication.AuthenticationMiddleware.Invoke(HttpContext context)
   at Microsoft.AspNetCore.Diagnostics.DeveloperExceptionPageMiddlewareImpl.Invoke(HttpContext context)
2024-10-28 11:29:03.734 -06:00 [INF] Request finished HTTP/1.1 POST http://localhost:5172/api/ApiAuditoria/auditarInsert - 500 null text/plain; charset=utf-8 16.1797ms
2024-10-28 11:29:19.056 -06:00 [INF] Now listening on: http://localhost:5172
2024-10-28 11:29:19.164 -06:00 [INF] Application started. Press Ctrl+C to shut down.
2024-10-28 11:29:19.165 -06:00 [INF] Hosting environment: Development
2024-10-28 11:29:19.166 -06:00 [INF] Content root path: C:\xampp\htdocs\ProyectoBasesDatos\backend\backend
2024-10-28 11:29:19.393 -06:00 [INF] Request starting HTTP/1.1 GET http://localhost:5172/swagger/index.html - null null
2024-10-28 11:29:19.692 -06:00 [INF] Request finished HTTP/1.1 GET http://localhost:5172/swagger/index.html - 200 null text/html;charset=utf-8 305.309ms
2024-10-28 11:29:19.721 -06:00 [INF] Request starting HTTP/1.1 GET http://localhost:5172/_framework/aspnetcore-browser-refresh.js - null null
2024-10-28 11:29:19.750 -06:00 [INF] Request finished HTTP/1.1 GET http://localhost:5172/_framework/aspnetcore-browser-refresh.js - 200 13750 application/javascript; charset=utf-8 29.3674ms
2024-10-28 11:29:19.918 -06:00 [INF] Request starting HTTP/1.1 GET http://localhost:5172/_vs/browserLink - null null
2024-10-28 11:29:20.000 -06:00 [INF] Request finished HTTP/1.1 GET http://localhost:5172/_vs/browserLink - 200 null text/javascript; charset=UTF-8 81.5447ms
2024-10-28 11:29:20.389 -06:00 [INF] Request starting HTTP/1.1 GET http://localhost:5172/swagger/v1/swagger.json - null null
2024-10-28 11:29:20.483 -06:00 [INF] Request finished HTTP/1.1 GET http://localhost:5172/swagger/v1/swagger.json - 200 null application/json;charset=utf-8 93.7657ms
2024-10-28 11:42:38.717 -06:00 [INF] Now listening on: http://localhost:5172
2024-10-28 11:42:38.795 -06:00 [INF] Application started. Press Ctrl+C to shut down.
2024-10-28 11:42:38.796 -06:00 [INF] Hosting environment: Development
2024-10-28 11:42:38.797 -06:00 [INF] Content root path: C:\xampp\htdocs\ProyectoBasesDatos\backend\backend
2024-10-28 11:42:39.617 -06:00 [INF] Request starting HTTP/1.1 GET http://localhost:5172/swagger/index.html - null null
2024-10-28 11:42:39.844 -06:00 [INF] Request finished HTTP/1.1 GET http://localhost:5172/swagger/index.html - 200 null text/html;charset=utf-8 230.333ms
2024-10-28 11:42:40.012 -06:00 [INF] Request starting HTTP/1.1 GET http://localhost:5172/_framework/aspnetcore-browser-refresh.js - null null
2024-10-28 11:42:40.012 -06:00 [INF] Request starting HTTP/1.1 GET http://localhost:5172/_vs/browserLink - null null
2024-10-28 11:42:40.016 -06:00 [INF] Request finished HTTP/1.1 GET http://localhost:5172/_framework/aspnetcore-browser-refresh.js - 200 13750 application/javascript; charset=utf-8 4.6969ms
2024-10-28 11:42:40.054 -06:00 [INF] Request finished HTTP/1.1 GET http://localhost:5172/_vs/browserLink - 200 null text/javascript; charset=UTF-8 42.7778ms
2024-10-28 11:42:40.473 -06:00 [INF] Request starting HTTP/1.1 GET http://localhost:5172/swagger/v1/swagger.json - null null
2024-10-28 11:42:40.563 -06:00 [INF] Request finished HTTP/1.1 GET http://localhost:5172/swagger/v1/swagger.json - 200 null application/json;charset=utf-8 89.7723ms
2024-10-28 11:42:48.931 -06:00 [INF] Request starting HTTP/1.1 GET http://localhost:5172/api/Database/test-connection - null null
2024-10-28 11:42:48.943 -06:00 [INF] Executing endpoint 'backend.Controllers.DatabaseController.TestConnection (backend)'
2024-10-28 11:42:48.972 -06:00 [INF] Route matched with {action = "TestConnection", controller = "Database"}. Executing controller action with signature System.Threading.Tasks.Task`1[Microsoft.AspNetCore.Mvc.IActionResult] TestConnection() on controller backend.Controllers.DatabaseController (backend).
2024-10-28 11:42:49.722 -06:00 [ERR] Error de Oracle: ORA-28000: La cuenta está bloqueada.
https://docs.oracle.com/error-help/db/ora-28000/, Código: 28000
2024-10-28 11:42:49.807 -06:00 [INF] Executing ObjectResult, writing value of type 'System.String'.
2024-10-28 11:42:49.814 -06:00 [INF] Executed action backend.Controllers.DatabaseController.TestConnection (backend) in 836.5769ms
2024-10-28 11:42:49.816 -06:00 [INF] Executed endpoint 'backend.Controllers.DatabaseController.TestConnection (backend)'
2024-10-28 11:42:49.820 -06:00 [INF] Request finished HTTP/1.1 GET http://localhost:5172/api/Database/test-connection - 500 null text/plain; charset=utf-8 888.9054ms
2024-10-28 11:44:52.446 -06:00 [INF] Now listening on: http://localhost:5172
2024-10-28 11:44:52.518 -06:00 [INF] Application started. Press Ctrl+C to shut down.
2024-10-28 11:44:52.519 -06:00 [INF] Hosting environment: Development
2024-10-28 11:44:52.520 -06:00 [INF] Content root path: C:\xampp\htdocs\ProyectoBasesDatos\backend\backend
2024-10-28 11:44:52.883 -06:00 [INF] Request starting HTTP/1.1 GET http://localhost:5172/swagger/index.html - null null
2024-10-28 11:44:53.036 -06:00 [INF] Request finished HTTP/1.1 GET http://localhost:5172/swagger/index.html - 200 null text/html;charset=utf-8 155.9217ms
2024-10-28 11:44:53.165 -06:00 [INF] Request starting HTTP/1.1 GET http://localhost:5172/_framework/aspnetcore-browser-refresh.js - null null
2024-10-28 11:44:53.165 -06:00 [INF] Request starting HTTP/1.1 GET http://localhost:5172/_vs/browserLink - null null
2024-10-28 11:44:53.169 -06:00 [INF] Request finished HTTP/1.1 GET http://localhost:5172/_framework/aspnetcore-browser-refresh.js - 200 13750 application/javascript; charset=utf-8 3.955ms
2024-10-28 11:44:53.195 -06:00 [INF] Request finished HTTP/1.1 GET http://localhost:5172/_vs/browserLink - 200 null text/javascript; charset=UTF-8 29.6997ms
2024-10-28 11:44:53.586 -06:00 [INF] Request starting HTTP/1.1 GET http://localhost:5172/swagger/v1/swagger.json - null null
2024-10-28 11:44:53.674 -06:00 [INF] Request finished HTTP/1.1 GET http://localhost:5172/swagger/v1/swagger.json - 200 null application/json;charset=utf-8 87.8711ms
2024-10-28 11:45:33.640 -06:00 [INF] Request starting HTTP/1.1 GET http://localhost:5172/api/Database/test-connection - null null
2024-10-28 11:45:33.652 -06:00 [INF] Executing endpoint 'backend.Controllers.DatabaseController.TestConnection (backend)'
2024-10-28 11:45:33.671 -06:00 [INF] Route matched with {action = "TestConnection", controller = "Database"}. Executing controller action with signature System.Threading.Tasks.Task`1[Microsoft.AspNetCore.Mvc.IActionResult] TestConnection() on controller backend.Controllers.DatabaseController (backend).
2024-10-28 11:45:34.215 -06:00 [INF] Conexión exitosa a Oracle!
2024-10-28 11:45:34.404 -06:00 [INF] Resultado de la consulta: 1
2024-10-28 11:45:34.426 -06:00 [INF] Executing OkObjectResult, writing value of type 'System.String'.
2024-10-28 11:45:34.436 -06:00 [INF] Executed action backend.Controllers.DatabaseController.TestConnection (backend) in 755.5846ms
2024-10-28 11:45:34.441 -06:00 [INF] Executed endpoint 'backend.Controllers.DatabaseController.TestConnection (backend)'
2024-10-28 11:45:34.442 -06:00 [INF] Request finished HTTP/1.1 GET http://localhost:5172/api/Database/test-connection - 200 null text/plain; charset=utf-8 802.4105ms
2024-10-28 11:46:54.413 -06:00 [INF] Request starting HTTP/1.1 GET http://localhost:5172/~@/fonts/NotoSans.woff - null null
2024-10-28 11:46:54.450 -06:00 [INF] CORS policy execution successful.
2024-10-28 11:46:54.469 -06:00 [INF] Request finished HTTP/1.1 GET http://localhost:5172/~@/fonts/NotoSans.woff - 404 0 null 60.7143ms
2024-10-28 11:46:54.512 -06:00 [INF] Request reached the end of the middleware pipeline without being handled by application code. Request path: GET http://localhost:5172/~@/fonts/NotoSans.woff, Response status code: 404
2024-10-28 11:46:55.385 -06:00 [INF] Request starting HTTP/1.1 GET http://localhost:5172/~@/fonts/NotoSans.woff - null null
2024-10-28 11:46:55.390 -06:00 [INF] CORS policy execution successful.
2024-10-28 11:46:55.390 -06:00 [INF] Request finished HTTP/1.1 GET http://localhost:5172/~@/fonts/NotoSans.woff - 404 0 null 5.3988ms
2024-10-28 11:46:55.393 -06:00 [INF] Request reached the end of the middleware pipeline without being handled by application code. Request path: GET http://localhost:5172/~@/fonts/NotoSans.woff, Response status code: 404
2024-10-28 11:46:58.294 -06:00 [INF] Request starting HTTP/1.1 GET http://localhost:5172/api/ApiSchema/get-tables - null null
2024-10-28 11:46:58.301 -06:00 [INF] CORS policy execution successful.
2024-10-28 11:46:58.302 -06:00 [INF] Executing endpoint 'backend.Controllers.ApiSchema.GetTables (backend)'
2024-10-28 11:46:58.328 -06:00 [INF] Route matched with {action = "GetTables", controller = "ApiSchema"}. Executing controller action with signature Microsoft.AspNetCore.Mvc.ActionResult`1[Response.ResGetTables] GetTables() on controller backend.Controllers.ApiSchema (backend).
2024-10-28 11:46:58.625 -06:00 [INF] Request starting HTTP/1.1 GET http://localhost:5172/respaldo/~@/fonts/NotoSans.woff - null null
2024-10-28 11:46:58.626 -06:00 [INF] CORS policy execution successful.
2024-10-28 11:46:58.627 -06:00 [INF] Request finished HTTP/1.1 GET http://localhost:5172/respaldo/~@/fonts/NotoSans.woff - 404 0 null 2.0262ms
2024-10-28 11:46:58.632 -06:00 [INF] Request reached the end of the middleware pipeline without being handled by application code. Request path: GET http://localhost:5172/respaldo/~@/fonts/NotoSans.woff, Response status code: 404
2024-10-28 11:46:58.984 -06:00 [INF] Executing OkObjectResult, writing value of type 'Response.ResGetTables'.
2024-10-28 11:46:59.006 -06:00 [INF] Executed action backend.Controllers.ApiSchema.GetTables (backend) in 676.6411ms
2024-10-28 11:46:59.007 -06:00 [INF] Request starting HTTP/1.1 GET http://localhost:5172/api/ApiSchema/get-tables - null null
2024-10-28 11:46:59.007 -06:00 [INF] Executed endpoint 'backend.Controllers.ApiSchema.GetTables (backend)'
2024-10-28 11:46:59.010 -06:00 [INF] Request finished HTTP/1.1 GET http://localhost:5172/api/ApiSchema/get-tables - 200 null application/json; charset=utf-8 716.2746ms
2024-10-28 11:46:59.010 -06:00 [INF] CORS policy execution successful.
2024-10-28 11:46:59.012 -06:00 [INF] Executing endpoint 'backend.Controllers.ApiSchema.GetTables (backend)'
2024-10-28 11:46:59.013 -06:00 [INF] Route matched with {action = "GetTables", controller = "ApiSchema"}. Executing controller action with signature Microsoft.AspNetCore.Mvc.ActionResult`1[Response.ResGetTables] GetTables() on controller backend.Controllers.ApiSchema (backend).
2024-10-28 11:46:59.108 -06:00 [INF] Executing OkObjectResult, writing value of type 'Response.ResGetTables'.
2024-10-28 11:46:59.109 -06:00 [INF] Executed action backend.Controllers.ApiSchema.GetTables (backend) in 95.2318ms
2024-10-28 11:46:59.110 -06:00 [INF] Executed endpoint 'backend.Controllers.ApiSchema.GetTables (backend)'
2024-10-28 11:46:59.111 -06:00 [INF] Request finished HTTP/1.1 GET http://localhost:5172/api/ApiSchema/get-tables - 200 null application/json; charset=utf-8 103.6202ms
2024-10-28 11:47:04.821 -06:00 [INF] Request starting HTTP/1.1 GET http://localhost:5172/api/ApiSchema/get-schemas - null null
2024-10-28 11:47:04.825 -06:00 [INF] CORS policy execution successful.
2024-10-28 11:47:04.826 -06:00 [INF] Executing endpoint 'backend.Controllers.ApiSchema.GetSchemas (backend)'
2024-10-28 11:47:04.830 -06:00 [INF] Route matched with {action = "GetSchemas", controller = "ApiSchema"}. Executing controller action with signature Microsoft.AspNetCore.Mvc.ActionResult`1[Response.ResGetSchemas] GetSchemas() on controller backend.Controllers.ApiSchema (backend).
2024-10-28 11:47:04.847 -06:00 [INF] Executing OkObjectResult, writing value of type 'Response.ResGetSchemas'.
2024-10-28 11:47:04.853 -06:00 [INF] Executed action backend.Controllers.ApiSchema.GetSchemas (backend) in 20.4807ms
2024-10-28 11:47:04.854 -06:00 [INF] Executed endpoint 'backend.Controllers.ApiSchema.GetSchemas (backend)'
2024-10-28 11:47:04.854 -06:00 [INF] Request starting HTTP/1.1 GET http://localhost:5172/api/ApiSchema/get-schemas - null null
2024-10-28 11:47:04.855 -06:00 [INF] Request finished HTTP/1.1 GET http://localhost:5172/api/ApiSchema/get-schemas - 200 null application/json; charset=utf-8 34.0418ms
2024-10-28 11:47:04.857 -06:00 [INF] CORS policy execution successful.
2024-10-28 11:47:04.859 -06:00 [INF] Executing endpoint 'backend.Controllers.ApiSchema.GetSchemas (backend)'
2024-10-28 11:47:04.860 -06:00 [INF] Route matched with {action = "GetSchemas", controller = "ApiSchema"}. Executing controller action with signature Microsoft.AspNetCore.Mvc.ActionResult`1[Response.ResGetSchemas] GetSchemas() on controller backend.Controllers.ApiSchema (backend).
2024-10-28 11:47:04.861 -06:00 [INF] Executing OkObjectResult, writing value of type 'Response.ResGetSchemas'.
2024-10-28 11:47:04.862 -06:00 [INF] Executed action backend.Controllers.ApiSchema.GetSchemas (backend) in 1.3813ms
2024-10-28 11:47:04.863 -06:00 [INF] Executed endpoint 'backend.Controllers.ApiSchema.GetSchemas (backend)'
2024-10-28 11:47:04.863 -06:00 [INF] Request finished HTTP/1.1 GET http://localhost:5172/api/ApiSchema/get-schemas - 200 null application/json; charset=utf-8 9.033ms
2024-10-28 11:47:05.145 -06:00 [INF] Request starting HTTP/1.1 GET http://localhost:5172/respaldo/~@/fonts/NotoSans.woff - null null
2024-10-28 11:47:05.149 -06:00 [INF] CORS policy execution successful.
2024-10-28 11:47:05.150 -06:00 [INF] Request finished HTTP/1.1 GET http://localhost:5172/respaldo/~@/fonts/NotoSans.woff - 404 0 null 4.3777ms
2024-10-28 11:47:05.152 -06:00 [INF] Request reached the end of the middleware pipeline without being handled by application code. Request path: GET http://localhost:5172/respaldo/~@/fonts/NotoSans.woff, Response status code: 404
2024-10-28 11:47:12.886 -06:00 [INF] Request starting HTTP/1.1 GET http://localhost:5172/respaldo/~@/fonts/NotoSans.woff - null null
2024-10-28 11:47:12.890 -06:00 [INF] CORS policy execution successful.
2024-10-28 11:47:12.891 -06:00 [INF] Request finished HTTP/1.1 GET http://localhost:5172/respaldo/~@/fonts/NotoSans.woff - 404 0 null 5.0118ms
2024-10-28 11:47:12.893 -06:00 [INF] Request reached the end of the middleware pipeline without being handled by application code. Request path: GET http://localhost:5172/respaldo/~@/fonts/NotoSans.woff, Response status code: 404
2024-10-28 11:47:14.098 -06:00 [INF] Request starting HTTP/1.1 GET http://localhost:5172/respaldo/~@/fonts/NotoSans.woff - null null
2024-10-28 11:47:14.100 -06:00 [INF] CORS policy execution successful.
2024-10-28 11:47:14.100 -06:00 [INF] Request finished HTTP/1.1 GET http://localhost:5172/respaldo/~@/fonts/NotoSans.woff - 404 0 null 1.8725ms
2024-10-28 11:47:14.102 -06:00 [INF] Request reached the end of the middleware pipeline without being handled by application code. Request path: GET http://localhost:5172/respaldo/~@/fonts/NotoSans.woff, Response status code: 404
2024-10-28 11:47:15.547 -06:00 [INF] Request starting HTTP/1.1 GET http://localhost:5172/respaldo/~@/fonts/NotoSans.woff - null null
2024-10-28 11:47:15.551 -06:00 [INF] CORS policy execution successful.
2024-10-28 11:47:15.552 -06:00 [INF] Request finished HTTP/1.1 GET http://localhost:5172/respaldo/~@/fonts/NotoSans.woff - 404 0 null 5.146ms
2024-10-28 11:47:15.555 -06:00 [INF] Request reached the end of the middleware pipeline without being handled by application code. Request path: GET http://localhost:5172/respaldo/~@/fonts/NotoSans.woff, Response status code: 404
2024-10-28 11:47:16.129 -06:00 [INF] Request starting HTTP/1.1 GET http://localhost:5172/api/ApiRespaldo - null null
2024-10-28 11:47:16.133 -06:00 [INF] CORS policy execution successful.
2024-10-28 11:47:16.134 -06:00 [INF] Executing endpoint 'backend.Controllers.ApiRespaldo.ObtenerDirectorios (backend)'
2024-10-28 11:47:16.138 -06:00 [INF] Route matched with {action = "ObtenerDirectorios", controller = "ApiRespaldo"}. Executing controller action with signature Microsoft.AspNetCore.Mvc.ActionResult`1[Models.RespuestaDirectorios] ObtenerDirectorios() on controller backend.Controllers.ApiRespaldo (backend).
2024-10-28 11:47:16.163 -06:00 [INF] Request starting HTTP/1.1 GET http://localhost:5172/respaldo/~@/fonts/NotoSans.woff - null null
2024-10-28 11:47:16.165 -06:00 [INF] CORS policy execution successful.
2024-10-28 11:47:16.166 -06:00 [INF] Request finished HTTP/1.1 GET http://localhost:5172/respaldo/~@/fonts/NotoSans.woff - 404 0 null 2.6555ms
2024-10-28 11:47:16.168 -06:00 [INF] Request reached the end of the middleware pipeline without being handled by application code. Request path: GET http://localhost:5172/respaldo/~@/fonts/NotoSans.woff, Response status code: 404
2024-10-28 11:47:16.223 -06:00 [INF] Executing OkObjectResult, writing value of type 'Models.RespuestaDirectorios'.
2024-10-28 11:47:16.226 -06:00 [INF] Executed action backend.Controllers.ApiRespaldo.ObtenerDirectorios (backend) in 85.3545ms
2024-10-28 11:47:16.227 -06:00 [INF] Executed endpoint 'backend.Controllers.ApiRespaldo.ObtenerDirectorios (backend)'
2024-10-28 11:47:16.228 -06:00 [INF] Request starting HTTP/1.1 GET http://localhost:5172/api/ApiRespaldo - null null
2024-10-28 11:47:16.228 -06:00 [INF] Request finished HTTP/1.1 GET http://localhost:5172/api/ApiRespaldo - 200 null application/json; charset=utf-8 98.8216ms
2024-10-28 11:47:16.229 -06:00 [INF] CORS policy execution successful.
2024-10-28 11:47:16.231 -06:00 [INF] Executing endpoint 'backend.Controllers.ApiRespaldo.ObtenerDirectorios (backend)'
2024-10-28 11:47:16.232 -06:00 [INF] Route matched with {action = "ObtenerDirectorios", controller = "ApiRespaldo"}. Executing controller action with signature Microsoft.AspNetCore.Mvc.ActionResult`1[Models.RespuestaDirectorios] ObtenerDirectorios() on controller backend.Controllers.ApiRespaldo (backend).
2024-10-28 11:47:16.234 -06:00 [INF] Executing OkObjectResult, writing value of type 'Models.RespuestaDirectorios'.
2024-10-28 11:47:16.235 -06:00 [INF] Executed action backend.Controllers.ApiRespaldo.ObtenerDirectorios (backend) in 2.1784ms
2024-10-28 11:47:16.235 -06:00 [INF] Executed endpoint 'backend.Controllers.ApiRespaldo.ObtenerDirectorios (backend)'
2024-10-28 11:47:16.236 -06:00 [INF] Request finished HTTP/1.1 GET http://localhost:5172/api/ApiRespaldo - 200 null application/json; charset=utf-8 8.2088ms
2024-10-28 11:47:23.198 -06:00 [INF] Request starting HTTP/1.1 GET http://localhost:5172/respaldo/~@/fonts/NotoSans.woff - null null
2024-10-28 11:47:23.201 -06:00 [INF] CORS policy execution successful.
2024-10-28 11:47:23.201 -06:00 [INF] Request finished HTTP/1.1 GET http://localhost:5172/respaldo/~@/fonts/NotoSans.woff - 404 0 null 3.1439ms
2024-10-28 11:47:23.203 -06:00 [INF] Request reached the end of the middleware pipeline without being handled by application code. Request path: GET http://localhost:5172/respaldo/~@/fonts/NotoSans.woff, Response status code: 404
2024-10-28 11:47:23.741 -06:00 [INF] Request starting HTTP/1.1 GET http://localhost:5172/api/ApiTablespace/get-tablespaces - null null
2024-10-28 11:47:23.746 -06:00 [INF] CORS policy execution successful.
2024-10-28 11:47:23.746 -06:00 [INF] Executing endpoint 'backend.Controllers.ApiTableSpace.GetTableSpaces (backend)'
2024-10-28 11:47:23.749 -06:00 [INF] Route matched with {action = "GetTableSpaces", controller = "ApiTableSpace"}. Executing controller action with signature Microsoft.AspNetCore.Mvc.ActionResult`1[Response.ResGetTableSpaces] GetTableSpaces() on controller backend.Controllers.ApiTableSpace (backend).
2024-10-28 11:47:23.772 -06:00 [INF] Request starting HTTP/1.1 GET http://localhost:5172/~@/fonts/NotoSans.woff - null null
2024-10-28 11:47:23.773 -06:00 [INF] CORS policy execution successful.
2024-10-28 11:47:23.774 -06:00 [INF] Request finished HTTP/1.1 GET http://localhost:5172/~@/fonts/NotoSans.woff - 404 0 null 1.683ms
2024-10-28 11:47:23.775 -06:00 [INF] Request reached the end of the middleware pipeline without being handled by application code. Request path: GET http://localhost:5172/~@/fonts/NotoSans.woff, Response status code: 404
2024-10-28 11:47:23.964 -06:00 [INF] Executing BadRequestObjectResult, writing value of type 'Response.ResGetTableSpaces'.
2024-10-28 11:47:23.973 -06:00 [INF] Executed action backend.Controllers.ApiTableSpace.GetTableSpaces (backend) in 222.0053ms
2024-10-28 11:47:23.974 -06:00 [INF] Executed endpoint 'backend.Controllers.ApiTableSpace.GetTableSpaces (backend)'
2024-10-28 11:47:23.974 -06:00 [INF] Request starting HTTP/1.1 GET http://localhost:5172/api/ApiTablespace/get-tablespaces - null null
2024-10-28 11:47:23.974 -06:00 [INF] Request finished HTTP/1.1 GET http://localhost:5172/api/ApiTablespace/get-tablespaces - 400 null application/json; charset=utf-8 233.0818ms
2024-10-28 11:47:23.976 -06:00 [INF] CORS policy execution successful.
2024-10-28 11:47:23.978 -06:00 [INF] Executing endpoint 'backend.Controllers.ApiTableSpace.GetTableSpaces (backend)'
2024-10-28 11:47:23.978 -06:00 [INF] Route matched with {action = "GetTableSpaces", controller = "ApiTableSpace"}. Executing controller action with signature Microsoft.AspNetCore.Mvc.ActionResult`1[Response.ResGetTableSpaces] GetTableSpaces() on controller backend.Controllers.ApiTableSpace (backend).
2024-10-28 11:47:24.015 -06:00 [INF] Executing BadRequestObjectResult, writing value of type 'Response.ResGetTableSpaces'.
2024-10-28 11:47:24.016 -06:00 [INF] Executed action backend.Controllers.ApiTableSpace.GetTableSpaces (backend) in 37.2708ms
2024-10-28 11:47:24.017 -06:00 [INF] Executed endpoint 'backend.Controllers.ApiTableSpace.GetTableSpaces (backend)'
2024-10-28 11:47:24.017 -06:00 [INF] Request finished HTTP/1.1 GET http://localhost:5172/api/ApiTablespace/get-tablespaces - 400 null application/json; charset=utf-8 43.3753ms
2024-10-28 12:17:54.592 -06:00 [INF] Request starting HTTP/1.1 GET http://localhost:5172/~@/fonts/NotoSans.woff - null null
2024-10-28 12:17:54.657 -06:00 [INF] CORS policy execution successful.
2024-10-28 12:17:54.670 -06:00 [INF] Request finished HTTP/1.1 GET http://localhost:5172/~@/fonts/NotoSans.woff - 404 0 null 93.8029ms
2024-10-28 12:17:54.712 -06:00 [INF] Request reached the end of the middleware pipeline without being handled by application code. Request path: GET http://localhost:5172/~@/fonts/NotoSans.woff, Response status code: 404
2024-10-28 12:18:03.622 -06:00 [INF] Request starting HTTP/1.1 GET http://localhost:5172/tunning/~@/fonts/NotoSans.woff - null null
2024-10-28 12:18:03.634 -06:00 [INF] CORS policy execution successful.
2024-10-28 12:18:03.642 -06:00 [INF] Request finished HTTP/1.1 GET http://localhost:5172/tunning/~@/fonts/NotoSans.woff - 404 0 null 19.9838ms
2024-10-28 12:18:03.659 -06:00 [INF] Request reached the end of the middleware pipeline without being handled by application code. Request path: GET http://localhost:5172/tunning/~@/fonts/NotoSans.woff, Response status code: 404
2024-10-28 12:18:06.596 -06:00 [INF] Request starting HTTP/1.1 GET http://localhost:5172/tunning/~@/fonts/NotoSans.woff - null null
2024-10-28 12:18:06.601 -06:00 [INF] CORS policy execution successful.
2024-10-28 12:18:06.605 -06:00 [INF] Request finished HTTP/1.1 GET http://localhost:5172/tunning/~@/fonts/NotoSans.woff - 404 0 null 9.0053ms
2024-10-28 12:18:06.615 -06:00 [INF] Request reached the end of the middleware pipeline without being handled by application code. Request path: GET http://localhost:5172/tunning/~@/fonts/NotoSans.woff, Response status code: 404
2024-10-28 12:18:07.572 -06:00 [INF] Request starting HTTP/1.1 GET http://localhost:5172/tunning/~@/fonts/NotoSans.woff - null null
2024-10-28 12:18:07.582 -06:00 [INF] CORS policy execution successful.
2024-10-28 12:18:07.588 -06:00 [INF] Request finished HTTP/1.1 GET http://localhost:5172/tunning/~@/fonts/NotoSans.woff - 404 0 null 16.1912ms
2024-10-28 12:18:07.601 -06:00 [INF] Request reached the end of the middleware pipeline without being handled by application code. Request path: GET http://localhost:5172/tunning/~@/fonts/NotoSans.woff, Response status code: 404
2024-10-28 12:18:08.074 -06:00 [INF] Request starting HTTP/1.1 GET http://localhost:5172/tunning/~@/fonts/NotoSans.woff - null null
2024-10-28 12:18:08.081 -06:00 [INF] CORS policy execution successful.
2024-10-28 12:18:08.084 -06:00 [INF] Request finished HTTP/1.1 GET http://localhost:5172/tunning/~@/fonts/NotoSans.woff - 404 0 null 10.9357ms
2024-10-28 12:18:08.092 -06:00 [INF] Request reached the end of the middleware pipeline without being handled by application code. Request path: GET http://localhost:5172/tunning/~@/fonts/NotoSans.woff, Response status code: 404
2024-10-28 12:18:09.261 -06:00 [INF] Request starting HTTP/1.1 GET http://localhost:5172/tunning/~@/fonts/NotoSans.woff - null null
2024-10-28 12:18:09.270 -06:00 [INF] CORS policy execution successful.
2024-10-28 12:18:09.272 -06:00 [INF] Request finished HTTP/1.1 GET http://localhost:5172/tunning/~@/fonts/NotoSans.woff - 404 0 null 11.6303ms
2024-10-28 12:18:09.279 -06:00 [INF] Request reached the end of the middleware pipeline without being handled by application code. Request path: GET http://localhost:5172/tunning/~@/fonts/NotoSans.woff, Response status code: 404
2024-10-28 12:21:23.223 -06:00 [INF] Request starting HTTP/1.1 GET http://localhost:5172/~@/fonts/NotoSans.woff - null null
2024-10-28 12:21:23.241 -06:00 [INF] CORS policy execution successful.
2024-10-28 12:21:23.243 -06:00 [INF] Request finished HTTP/1.1 GET http://localhost:5172/~@/fonts/NotoSans.woff - 404 0 null 20.9844ms
2024-10-28 12:21:23.249 -06:00 [INF] Request reached the end of the middleware pipeline without being handled by application code. Request path: GET http://localhost:5172/~@/fonts/NotoSans.woff, Response status code: 404
2024-10-28 12:21:23.347 -06:00 [INF] Request starting HTTP/1.1 GET http://localhost:5172/~@/fonts/NotoSans.woff - null null
2024-10-28 12:21:23.356 -06:00 [INF] CORS policy execution successful.
2024-10-28 12:21:23.357 -06:00 [INF] Request finished HTTP/1.1 GET http://localhost:5172/~@/fonts/NotoSans.woff - 404 0 null 10.4649ms
2024-10-28 12:21:23.363 -06:00 [INF] Request reached the end of the middleware pipeline without being handled by application code. Request path: GET http://localhost:5172/~@/fonts/NotoSans.woff, Response status code: 404
2024-10-28 12:25:22.212 -06:00 [INF] Request starting HTTP/1.1 GET http://localhost:5172/~@/fonts/NotoSans.woff - null null
2024-10-28 12:25:22.254 -06:00 [INF] CORS policy execution successful.
2024-10-28 12:25:22.266 -06:00 [INF] Request finished HTTP/1.1 GET http://localhost:5172/~@/fonts/NotoSans.woff - 404 0 null 63.442ms
2024-10-28 12:25:22.344 -06:00 [INF] Request reached the end of the middleware pipeline without being handled by application code. Request path: GET http://localhost:5172/~@/fonts/NotoSans.woff, Response status code: 404
2024-10-28 12:26:27.111 -06:00 [INF] Request starting HTTP/1.1 GET http://localhost:5172/api/ApiTablespace/get-tablespaces - null null
2024-10-28 12:26:27.136 -06:00 [INF] CORS policy execution successful.
2024-10-28 12:26:27.141 -06:00 [INF] Executing endpoint 'backend.Controllers.ApiTableSpace.GetTableSpaces (backend)'
2024-10-28 12:26:27.159 -06:00 [INF] Route matched with {action = "GetTableSpaces", controller = "ApiTableSpace"}. Executing controller action with signature Microsoft.AspNetCore.Mvc.ActionResult`1[Response.ResGetTableSpaces] GetTableSpaces() on controller backend.Controllers.ApiTableSpace (backend).
2024-10-28 12:26:27.469 -06:00 [INF] Executing BadRequestObjectResult, writing value of type 'Response.ResGetTableSpaces'.
2024-10-28 12:26:27.471 -06:00 [INF] Request starting HTTP/1.1 GET http://localhost:5172/~@/fonts/NotoSans.woff - null null
2024-10-28 12:26:27.480 -06:00 [INF] CORS policy execution successful.
2024-10-28 12:26:27.482 -06:00 [INF] Request finished HTTP/1.1 GET http://localhost:5172/~@/fonts/NotoSans.woff - 404 0 null 10.8508ms
2024-10-28 12:26:27.495 -06:00 [INF] Executed action backend.Controllers.ApiTableSpace.GetTableSpaces (backend) in 327.5344ms
2024-10-28 12:26:27.496 -06:00 [INF] Request reached the end of the middleware pipeline without being handled by application code. Request path: GET http://localhost:5172/~@/fonts/NotoSans.woff, Response status code: 404
2024-10-28 12:26:27.501 -06:00 [INF] Request starting HTTP/1.1 GET http://localhost:5172/api/ApiTablespace/get-tablespaces - null null
2024-10-28 12:26:27.503 -06:00 [INF] Executed endpoint 'backend.Controllers.ApiTableSpace.GetTableSpaces (backend)'
2024-10-28 12:26:27.510 -06:00 [INF] CORS policy execution successful.
2024-10-28 12:26:27.510 -06:00 [INF] Request finished HTTP/1.1 GET http://localhost:5172/api/ApiTablespace/get-tablespaces - 400 null application/json; charset=utf-8 399.8146ms
2024-10-28 12:26:27.512 -06:00 [INF] Executing endpoint 'backend.Controllers.ApiTableSpace.GetTableSpaces (backend)'
2024-10-28 12:26:27.516 -06:00 [INF] Route matched with {action = "GetTableSpaces", controller = "ApiTableSpace"}. Executing controller action with signature Microsoft.AspNetCore.Mvc.ActionResult`1[Response.ResGetTableSpaces] GetTableSpaces() on controller backend.Controllers.ApiTableSpace (backend).
2024-10-28 12:26:27.618 -06:00 [INF] Executing BadRequestObjectResult, writing value of type 'Response.ResGetTableSpaces'.
2024-10-28 12:26:27.625 -06:00 [INF] Executed action backend.Controllers.ApiTableSpace.GetTableSpaces (backend) in 104.8129ms
2024-10-28 12:26:27.631 -06:00 [INF] Executed endpoint 'backend.Controllers.ApiTableSpace.GetTableSpaces (backend)'
2024-10-28 12:26:27.636 -06:00 [INF] Request finished HTTP/1.1 GET http://localhost:5172/api/ApiTablespace/get-tablespaces - 400 null application/json; charset=utf-8 135.5566ms
2024-10-28 12:26:28.742 -06:00 [INF] Request starting HTTP/1.1 GET http://localhost:5172/~@/fonts/NotoSans.woff - null null
2024-10-28 12:26:28.747 -06:00 [INF] CORS policy execution successful.
2024-10-28 12:26:28.748 -06:00 [INF] Request finished HTTP/1.1 GET http://localhost:5172/~@/fonts/NotoSans.woff - 404 0 null 5.9312ms
2024-10-28 12:26:28.750 -06:00 [INF] Request reached the end of the middleware pipeline without being handled by application code. Request path: GET http://localhost:5172/~@/fonts/NotoSans.woff, Response status code: 404
2024-10-28 12:26:30.837 -06:00 [INF] Request starting HTTP/1.1 GET http://localhost:5172/api/ApiSchema/get-schemas - null null
2024-10-28 12:26:30.846 -06:00 [INF] CORS policy execution successful.
2024-10-28 12:26:30.852 -06:00 [INF] Executing endpoint 'backend.Controllers.ApiSchema.GetSchemas (backend)'
2024-10-28 12:26:30.858 -06:00 [INF] Route matched with {action = "GetSchemas", controller = "ApiSchema"}. Executing controller action with signature Microsoft.AspNetCore.Mvc.ActionResult`1[Response.ResGetSchemas] GetSchemas() on controller backend.Controllers.ApiSchema (backend).
2024-10-28 12:26:30.875 -06:00 [INF] Executing OkObjectResult, writing value of type 'Response.ResGetSchemas'.
2024-10-28 12:26:30.878 -06:00 [INF] Executed action backend.Controllers.ApiSchema.GetSchemas (backend) in 11.8119ms
2024-10-28 12:26:30.880 -06:00 [INF] Request starting HTTP/1.1 GET http://localhost:5172/api/ApiSchema/get-schemas - null null
2024-10-28 12:26:30.880 -06:00 [INF] Executed endpoint 'backend.Controllers.ApiSchema.GetSchemas (backend)'
2024-10-28 12:26:30.885 -06:00 [INF] CORS policy execution successful.
2024-10-28 12:26:30.887 -06:00 [INF] Request finished HTTP/1.1 GET http://localhost:5172/api/ApiSchema/get-schemas - 200 null application/json; charset=utf-8 50.1013ms
2024-10-28 12:26:30.888 -06:00 [INF] Executing endpoint 'backend.Controllers.ApiSchema.GetSchemas (backend)'
2024-10-28 12:26:30.890 -06:00 [INF] Route matched with {action = "GetSchemas", controller = "ApiSchema"}. Executing controller action with signature Microsoft.AspNetCore.Mvc.ActionResult`1[Response.ResGetSchemas] GetSchemas() on controller backend.Controllers.ApiSchema (backend).
2024-10-28 12:26:30.893 -06:00 [INF] Executing OkObjectResult, writing value of type 'Response.ResGetSchemas'.
2024-10-28 12:26:30.894 -06:00 [INF] Executed action backend.Controllers.ApiSchema.GetSchemas (backend) in 2.5733ms
2024-10-28 12:26:30.895 -06:00 [INF] Executed endpoint 'backend.Controllers.ApiSchema.GetSchemas (backend)'
2024-10-28 12:26:30.896 -06:00 [INF] Request finished HTTP/1.1 GET http://localhost:5172/api/ApiSchema/get-schemas - 200 null application/json; charset=utf-8 16.4988ms
2024-10-28 12:26:47.487 -06:00 [INF] Request starting HTTP/1.1 GET http://localhost:5172/api/ApiSchema/get-tables - null null
2024-10-28 12:26:47.500 -06:00 [INF] CORS policy execution successful.
2024-10-28 12:26:47.501 -06:00 [INF] Executing endpoint 'backend.Controllers.ApiSchema.GetTables (backend)'
2024-10-28 12:26:47.503 -06:00 [INF] Route matched with {action = "GetTables", controller = "ApiSchema"}. Executing controller action with signature Microsoft.AspNetCore.Mvc.ActionResult`1[Response.ResGetTables] GetTables() on controller backend.Controllers.ApiSchema (backend).
2024-10-28 12:26:47.815 -06:00 [INF] Executing OkObjectResult, writing value of type 'Response.ResGetTables'.
2024-10-28 12:26:47.820 -06:00 [INF] Executed action backend.Controllers.ApiSchema.GetTables (backend) in 313.9472ms
2024-10-28 12:26:47.821 -06:00 [INF] Executed endpoint 'backend.Controllers.ApiSchema.GetTables (backend)'
2024-10-28 12:26:47.822 -06:00 [INF] Request finished HTTP/1.1 GET http://localhost:5172/api/ApiSchema/get-tables - 200 null application/json; charset=utf-8 334.7548ms
2024-10-28 12:26:47.823 -06:00 [INF] Request starting HTTP/1.1 GET http://localhost:5172/api/ApiSchema/get-tables - null null
2024-10-28 12:26:47.828 -06:00 [INF] CORS policy execution successful.
2024-10-28 12:26:47.829 -06:00 [INF] Executing endpoint 'backend.Controllers.ApiSchema.GetTables (backend)'
2024-10-28 12:26:47.830 -06:00 [INF] Route matched with {action = "GetTables", controller = "ApiSchema"}. Executing controller action with signature Microsoft.AspNetCore.Mvc.ActionResult`1[Response.ResGetTables] GetTables() on controller backend.Controllers.ApiSchema (backend).
2024-10-28 12:26:47.922 -06:00 [INF] Executing OkObjectResult, writing value of type 'Response.ResGetTables'.
2024-10-28 12:26:47.927 -06:00 [INF] Executed action backend.Controllers.ApiSchema.GetTables (backend) in 94.3004ms
2024-10-28 12:26:47.930 -06:00 [INF] Executed endpoint 'backend.Controllers.ApiSchema.GetTables (backend)'
2024-10-28 12:26:47.930 -06:00 [INF] Request finished HTTP/1.1 GET http://localhost:5172/api/ApiSchema/get-tables - 200 null application/json; charset=utf-8 106.7666ms
2024-10-28 12:27:02.584 -06:00 [INF] Request starting HTTP/1.1 GET http://localhost:5172/api/tunning/obtenerEstadisticasTabla/ANONYMOUS/CLINICA.CITAS - null null
2024-10-28 12:27:02.599 -06:00 [INF] Request finished HTTP/1.1 GET http://localhost:5172/api/tunning/obtenerEstadisticasTabla/ANONYMOUS/CLINICA.CITAS - 404 0 null 15.4975ms
2024-10-28 12:27:02.614 -06:00 [INF] Request reached the end of the middleware pipeline without being handled by application code. Request path: GET http://localhost:5172/api/tunning/obtenerEstadisticasTabla/ANONYMOUS/CLINICA.CITAS, Response status code: 404
2024-10-28 12:29:01.100 -06:00 [INF] Request starting HTTP/1.1 GET http://localhost:5172/~@/fonts/NotoSans.woff - null null
2024-10-28 12:29:01.119 -06:00 [INF] CORS policy execution successful.
2024-10-28 12:29:01.126 -06:00 [INF] Request finished HTTP/1.1 GET http://localhost:5172/~@/fonts/NotoSans.woff - 404 0 null 30.7904ms
2024-10-28 12:29:01.176 -06:00 [INF] Request reached the end of the middleware pipeline without being handled by application code. Request path: GET http://localhost:5172/~@/fonts/NotoSans.woff, Response status code: 404
2024-10-28 12:38:07.526 -06:00 [INF] Request starting HTTP/1.1 GET http://localhost:5172/~@/fonts/NotoSans.woff - null null
2024-10-28 12:38:07.560 -06:00 [INF] CORS policy execution successful.
2024-10-28 12:38:07.571 -06:00 [INF] Request finished HTTP/1.1 GET http://localhost:5172/~@/fonts/NotoSans.woff - 404 0 null 59.0841ms
2024-10-28 12:38:07.619 -06:00 [INF] Request reached the end of the middleware pipeline without being handled by application code. Request path: GET http://localhost:5172/~@/fonts/NotoSans.woff, Response status code: 404
2024-10-28 12:56:55.131 -06:00 [INF] Request starting HTTP/1.1 GET http://localhost:5172/api/tunning/obtenerListaTablas/undefined - null null
2024-10-28 12:56:55.131 -06:00 [INF] Request starting HTTP/1.1 GET http://localhost:5172/~@/fonts/NotoSans.woff - null null
2024-10-28 12:56:55.183 -06:00 [INF] CORS policy execution successful.
2024-10-28 12:56:55.191 -06:00 [INF] Request finished HTTP/1.1 GET http://localhost:5172/~@/fonts/NotoSans.woff - 404 0 null 99.2477ms
2024-10-28 12:56:55.191 -06:00 [INF] Request finished HTTP/1.1 GET http://localhost:5172/api/tunning/obtenerListaTablas/undefined - 404 0 null 100.2048ms
2024-10-28 12:56:55.339 -06:00 [INF] Request reached the end of the middleware pipeline without being handled by application code. Request path: GET http://localhost:5172/api/tunning/obtenerListaTablas/undefined, Response status code: 404
2024-10-28 12:56:55.339 -06:00 [INF] Request reached the end of the middleware pipeline without being handled by application code. Request path: GET http://localhost:5172/~@/fonts/NotoSans.woff, Response status code: 404
2024-10-28 12:56:55.544 -06:00 [INF] Request starting HTTP/1.1 GET http://localhost:5172/api/tunning/obtenerListaTablas/undefined - null null
2024-10-28 12:56:55.556 -06:00 [INF] Request finished HTTP/1.1 GET http://localhost:5172/api/tunning/obtenerListaTablas/undefined - 404 0 null 11.8109ms
2024-10-28 12:56:55.561 -06:00 [INF] Request reached the end of the middleware pipeline without being handled by application code. Request path: GET http://localhost:5172/api/tunning/obtenerListaTablas/undefined, Response status code: 404
2024-10-28 12:59:14.286 -06:00 [INF] Request starting HTTP/1.1 GET http://localhost:5172/api/tunning/obtenerListaTablas/undefined - null null
2024-10-28 12:59:14.292 -06:00 [INF] Request finished HTTP/1.1 GET http://localhost:5172/api/tunning/obtenerListaTablas/undefined - 404 0 null 8.1174ms
2024-10-28 12:59:14.304 -06:00 [INF] Request reached the end of the middleware pipeline without being handled by application code. Request path: GET http://localhost:5172/api/tunning/obtenerListaTablas/undefined, Response status code: 404
2024-10-28 12:59:16.260 -06:00 [INF] Request starting HTTP/1.1 GET http://localhost:5172/api/tunning/obtenerListaTablas/undefined - null null
2024-10-28 12:59:16.273 -06:00 [INF] Request finished HTTP/1.1 GET http://localhost:5172/api/tunning/obtenerListaTablas/undefined - 404 0 null 12.8729ms
2024-10-28 12:59:16.282 -06:00 [INF] Request reached the end of the middleware pipeline without being handled by application code. Request path: GET http://localhost:5172/api/tunning/obtenerListaTablas/undefined, Response status code: 404
2024-10-28 13:05:12.404 -06:00 [INF] Request starting HTTP/1.1 POST http://localhost:5172/api/tunning/obtenerListaTablas - application/json 2
2024-10-28 13:05:12.429 -06:00 [INF] CORS policy execution successful.
2024-10-28 13:05:12.435 -06:00 [INF] Request finished HTTP/1.1 POST http://localhost:5172/api/tunning/obtenerListaTablas - 404 0 null 33.3053ms
2024-10-28 13:05:12.447 -06:00 [INF] Request reached the end of the middleware pipeline without being handled by application code. Request path: POST http://localhost:5172/api/tunning/obtenerListaTablas, Response status code: 404
2024-10-28 13:06:07.302 -06:00 [INF] Request starting HTTP/1.1 POST http://localhost:5172/api/tunning/obtenerListaTablas - application/json 13
2024-10-28 13:06:07.310 -06:00 [INF] CORS policy execution successful.
2024-10-28 13:06:07.317 -06:00 [INF] Request finished HTTP/1.1 POST http://localhost:5172/api/tunning/obtenerListaTablas - 404 0 null 17.5391ms
2024-10-28 13:06:07.329 -06:00 [INF] Request reached the end of the middleware pipeline without being handled by application code. Request path: POST http://localhost:5172/api/tunning/obtenerListaTablas, Response status code: 404
2024-10-28 13:16:33.984 -06:00 [INF] Now listening on: http://localhost:5172
2024-10-28 13:16:34.154 -06:00 [INF] Application started. Press Ctrl+C to shut down.
2024-10-28 13:16:34.157 -06:00 [INF] Hosting environment: Development
2024-10-28 13:16:34.157 -06:00 [INF] Content root path: C:\xampp\htdocs\ProyectoBasesDatos\backend\backend
2024-10-28 13:16:34.670 -06:00 [INF] Request starting HTTP/1.1 GET http://localhost:5172/swagger/index.html - null null
2024-10-28 13:16:34.986 -06:00 [INF] Request finished HTTP/1.1 GET http://localhost:5172/swagger/index.html - 200 null text/html;charset=utf-8 321.5356ms
2024-10-28 13:16:35.196 -06:00 [INF] Request starting HTTP/1.1 GET http://localhost:5172/_vs/browserLink - null null
2024-10-28 13:16:35.196 -06:00 [INF] Request starting HTTP/1.1 GET http://localhost:5172/_framework/aspnetcore-browser-refresh.js - null null
2024-10-28 13:16:35.202 -06:00 [INF] Request finished HTTP/1.1 GET http://localhost:5172/_framework/aspnetcore-browser-refresh.js - 200 13750 application/javascript; charset=utf-8 6.3686ms
2024-10-28 13:16:35.248 -06:00 [INF] Request finished HTTP/1.1 GET http://localhost:5172/_vs/browserLink - 200 null text/javascript; charset=UTF-8 52.7485ms
2024-10-28 13:16:35.943 -06:00 [INF] Request starting HTTP/1.1 GET http://localhost:5172/swagger/v1/swagger.json - null null
2024-10-28 13:16:36.077 -06:00 [INF] Request finished HTTP/1.1 GET http://localhost:5172/swagger/v1/swagger.json - 200 null application/json;charset=utf-8 134.5662ms
2024-10-28 13:17:22.469 -06:00 [INF] Request starting HTTP/1.1 GET http://localhost:5172/~@/fonts/NotoSans.woff - null null
2024-10-28 13:17:22.489 -06:00 [INF] CORS policy execution successful.
2024-10-28 13:17:22.503 -06:00 [INF] Request finished HTTP/1.1 GET http://localhost:5172/~@/fonts/NotoSans.woff - 404 0 null 34.5252ms
2024-10-28 13:17:22.512 -06:00 [INF] Request reached the end of the middleware pipeline without being handled by application code. Request path: GET http://localhost:5172/~@/fonts/NotoSans.woff, Response status code: 404
2024-10-28 13:17:22.687 -06:00 [INF] Request starting HTTP/1.1 POST http://localhost:5172/api/tunning/obtenerListaTablas - application/json 13
2024-10-28 13:17:22.687 -06:00 [INF] Request starting HTTP/1.1 POST http://localhost:5172/api/tunning/obtenerListaTablas - application/json 13
2024-10-28 13:17:22.700 -06:00 [INF] CORS policy execution successful.
2024-10-28 13:17:22.700 -06:00 [INF] CORS policy execution successful.
2024-10-28 13:17:22.703 -06:00 [INF] Request finished HTTP/1.1 POST http://localhost:5172/api/tunning/obtenerListaTablas - 404 0 null 16.196ms
2024-10-28 13:17:22.703 -06:00 [INF] Request finished HTTP/1.1 POST http://localhost:5172/api/tunning/obtenerListaTablas - 404 0 null 16.4662ms
2024-10-28 13:17:22.763 -06:00 [INF] Request reached the end of the middleware pipeline without being handled by application code. Request path: POST http://localhost:5172/api/tunning/obtenerListaTablas, Response status code: 404
2024-10-28 13:17:22.766 -06:00 [INF] Request reached the end of the middleware pipeline without being handled by application code. Request path: POST http://localhost:5172/api/tunning/obtenerListaTablas, Response status code: 404
2024-10-28 14:17:54.541 -06:00 [INF] Request starting HTTP/1.1 POST http://localhost:5172/api/tunning/obtenerListaTablas - application/json 13
2024-10-28 14:17:54.541 -06:00 [INF] Request starting HTTP/1.1 POST http://localhost:5172/api/tunning/obtenerListaTablas - application/json 13
2024-10-28 14:17:54.610 -06:00 [INF] CORS policy execution successful.
2024-10-28 14:17:54.610 -06:00 [INF] CORS policy execution successful.
2024-10-28 14:17:54.627 -06:00 [INF] Request finished HTTP/1.1 POST http://localhost:5172/api/tunning/obtenerListaTablas - 404 0 null 106.6398ms
2024-10-28 14:17:54.627 -06:00 [INF] Request finished HTTP/1.1 POST http://localhost:5172/api/tunning/obtenerListaTablas - 404 0 null 106.6844ms
2024-10-28 14:17:54.632 -06:00 [INF] Request reached the end of the middleware pipeline without being handled by application code. Request path: POST http://localhost:5172/api/tunning/obtenerListaTablas, Response status code: 404
2024-10-28 14:17:54.635 -06:00 [INF] Request reached the end of the middleware pipeline without being handled by application code. Request path: POST http://localhost:5172/api/tunning/obtenerListaTablas, Response status code: 404
2024-10-28 14:18:04.325 -06:00 [INF] Request starting HTTP/1.1 POST http://localhost:5172/api/tunning/obtenerListaTablas - application/json 13
2024-10-28 14:18:04.334 -06:00 [INF] CORS policy execution successful.
2024-10-28 14:18:04.339 -06:00 [INF] Request finished HTTP/1.1 POST http://localhost:5172/api/tunning/obtenerListaTablas - 404 0 null 16.1265ms
2024-10-28 14:18:04.351 -06:00 [INF] Request reached the end of the middleware pipeline without being handled by application code. Request path: POST http://localhost:5172/api/tunning/obtenerListaTablas, Response status code: 404
2024-10-28 14:18:04.478 -06:00 [INF] Request starting HTTP/1.1 POST http://localhost:5172/api/tunning/obtenerListaTablas - application/json 13
2024-10-28 14:18:04.486 -06:00 [INF] CORS policy execution successful.
2024-10-28 14:18:04.489 -06:00 [INF] Request finished HTTP/1.1 POST http://localhost:5172/api/tunning/obtenerListaTablas - 404 0 null 11.7755ms
2024-10-28 14:18:04.499 -06:00 [INF] Request reached the end of the middleware pipeline without being handled by application code. Request path: POST http://localhost:5172/api/tunning/obtenerListaTablas, Response status code: 404
