2024-10-28 10:55:26.753 -06:00 [INF] Now listening on: http://localhost:5172
2024-10-28 10:55:26.907 -06:00 [INF] Application started. Press Ctrl+C to shut down.
2024-10-28 10:55:26.912 -06:00 [INF] Hosting environment: Development
2024-10-28 10:55:26.917 -06:00 [INF] Content root path: C:\xampp\htdocs\ProyectoBasesDatos\backend\backend
2024-10-28 10:55:47.358 -06:00 [INF] Now listening on: http://localhost:5172
2024-10-28 10:55:47.537 -06:00 [INF] Application started. Press Ctrl+C to shut down.
2024-10-28 10:55:47.539 -06:00 [INF] Hosting environment: Development
2024-10-28 10:55:47.540 -06:00 [INF] Content root path: C:\xampp\htdocs\ProyectoBasesDatos\backend\backend
2024-10-28 10:55:48.603 -06:00 [INF] Request starting HTTP/1.1 GET http://localhost:5172/swagger - null null
2024-10-28 10:55:48.934 -06:00 [INF] Request finished HTTP/1.1 GET http://localhost:5172/swagger - 301 0 null 348.8976ms
2024-10-28 10:55:48.940 -06:00 [INF] Request starting HTTP/1.1 GET http://localhost:5172/swagger/index.html - null null
2024-10-28 10:55:49.025 -06:00 [INF] Request finished HTTP/1.1 GET http://localhost:5172/swagger/index.html - 200 null text/html;charset=utf-8 84.5229ms
2024-10-28 10:55:49.229 -06:00 [INF] Request starting HTTP/1.1 GET http://localhost:5172/swagger/swagger-ui-standalone-preset.js - null null
2024-10-28 10:55:49.230 -06:00 [INF] Request starting HTTP/1.1 GET http://localhost:5172/swagger/swagger-ui.css - null null
2024-10-28 10:55:49.230 -06:00 [INF] Request starting HTTP/1.1 GET http://localhost:5172/swagger/swagger-ui-bundle.js - null null
2024-10-28 10:55:49.598 -06:00 [INF] Request starting HTTP/1.1 GET http://localhost:5172/_framework/aspnetcore-browser-refresh.js - null null
2024-10-28 10:55:49.608 -06:00 [INF] Sending file. Request path: '/swagger-ui.css'. Physical path: 'N/A'
2024-10-28 10:55:49.608 -06:00 [INF] Sending file. Request path: '/swagger-ui-standalone-preset.js'. Physical path: 'N/A'
2024-10-28 10:55:49.598 -06:00 [INF] Request starting HTTP/1.1 GET http://localhost:5172/_vs/browserLink - null null
2024-10-28 10:55:49.628 -06:00 [INF] Request finished HTTP/1.1 GET http://localhost:5172/swagger/swagger-ui.css - 200 152034 text/css 397.8769ms
2024-10-28 10:55:49.634 -06:00 [INF] Request finished HTTP/1.1 GET http://localhost:5172/_framework/aspnetcore-browser-refresh.js - 200 13750 application/javascript; charset=utf-8 37.5972ms
2024-10-28 10:55:49.628 -06:00 [INF] Request finished HTTP/1.1 GET http://localhost:5172/swagger/swagger-ui-standalone-preset.js - 200 230280 text/javascript 399.3371ms
2024-10-28 10:55:49.796 -06:00 [INF] Sending file. Request path: '/swagger-ui-bundle.js'. Physical path: 'N/A'
2024-10-28 10:55:49.816 -06:00 [INF] Request finished HTTP/1.1 GET http://localhost:5172/swagger/swagger-ui-bundle.js - 200 1456926 text/javascript 586.019ms
2024-10-28 10:55:51.005 -06:00 [INF] Request finished HTTP/1.1 GET http://localhost:5172/_vs/browserLink - 200 null text/javascript; charset=UTF-8 1406.6328ms
2024-10-28 10:55:51.356 -06:00 [INF] Request starting HTTP/1.1 GET http://localhost:5172/swagger/v1/swagger.json - null null
2024-10-28 10:55:51.398 -06:00 [INF] Request starting HTTP/1.1 GET http://localhost:5172/swagger/favicon-32x32.png - null null
2024-10-28 10:55:51.405 -06:00 [INF] Sending file. Request path: '/favicon-32x32.png'. Physical path: 'N/A'
2024-10-28 10:55:51.410 -06:00 [INF] Request finished HTTP/1.1 GET http://localhost:5172/swagger/favicon-32x32.png - 200 628 image/png 11.9077ms
2024-10-28 10:55:51.548 -06:00 [INF] Request finished HTTP/1.1 GET http://localhost:5172/swagger/v1/swagger.json - 200 null application/json;charset=utf-8 192.1527ms
2024-10-28 10:55:57.871 -06:00 [INF] Request starting HTTP/1.1 GET http://localhost:5172/respaldo/~@/fonts/NotoSans.woff - null null
2024-10-28 10:55:57.883 -06:00 [INF] CORS policy execution successful.
2024-10-28 10:55:57.899 -06:00 [INF] Request finished HTTP/1.1 GET http://localhost:5172/respaldo/~@/fonts/NotoSans.woff - 404 0 null 28.812ms
2024-10-28 10:55:57.905 -06:00 [INF] Request reached the end of the middleware pipeline without being handled by application code. Request path: GET http://localhost:5172/respaldo/~@/fonts/NotoSans.woff, Response status code: 404
2024-10-28 10:55:58.002 -06:00 [INF] Request starting HTTP/1.1 GET http://localhost:5172/api/ApiSchema/get-tables - null null
2024-10-28 10:55:58.011 -06:00 [INF] CORS policy execution successful.
2024-10-28 10:55:58.015 -06:00 [INF] Executing endpoint 'backend.Controllers.ApiSchema.GetTables (backend)'
2024-10-28 10:55:58.050 -06:00 [INF] Route matched with {action = "GetTables", controller = "ApiSchema"}. Executing controller action with signature Microsoft.AspNetCore.Mvc.ActionResult`1[Response.ResGetTables] GetTables() on controller backend.Controllers.ApiSchema (backend).
2024-10-28 10:56:03.010 -06:00 [INF] Executing BadRequestObjectResult, writing value of type 'Response.ResGetTables'.
2024-10-28 10:56:03.022 -06:00 [INF] Request starting HTTP/1.1 GET http://localhost:5172/api/ApiSchema/get-tables - null null
2024-10-28 10:56:03.025 -06:00 [INF] Executed action backend.Controllers.ApiSchema.GetTables (backend) in 4965.0659ms
2024-10-28 10:56:03.026 -06:00 [INF] CORS policy execution successful.
2024-10-28 10:56:03.026 -06:00 [INF] Executed endpoint 'backend.Controllers.ApiSchema.GetTables (backend)'
2024-10-28 10:56:03.027 -06:00 [INF] Executing endpoint 'backend.Controllers.ApiSchema.GetTables (backend)'
2024-10-28 10:56:03.027 -06:00 [INF] Request finished HTTP/1.1 GET http://localhost:5172/api/ApiSchema/get-tables - 400 null application/json; charset=utf-8 5025.0746ms
2024-10-28 10:56:03.029 -06:00 [INF] Route matched with {action = "GetTables", controller = "ApiSchema"}. Executing controller action with signature Microsoft.AspNetCore.Mvc.ActionResult`1[Response.ResGetTables] GetTables() on controller backend.Controllers.ApiSchema (backend).
2024-10-28 10:56:04.154 -06:00 [INF] Executing BadRequestObjectResult, writing value of type 'Response.ResGetTables'.
2024-10-28 10:56:04.157 -06:00 [INF] Executed action backend.Controllers.ApiSchema.GetTables (backend) in 1124.0175ms
2024-10-28 10:56:04.158 -06:00 [INF] Executed endpoint 'backend.Controllers.ApiSchema.GetTables (backend)'
2024-10-28 10:56:04.158 -06:00 [INF] Request finished HTTP/1.1 GET http://localhost:5172/api/ApiSchema/get-tables - 400 null application/json; charset=utf-8 1136.9122ms
2024-10-28 10:57:14.058 -06:00 [INF] Now listening on: http://localhost:5172
2024-10-28 10:57:14.175 -06:00 [INF] Application started. Press Ctrl+C to shut down.
2024-10-28 10:57:14.176 -06:00 [INF] Hosting environment: Development
2024-10-28 10:57:14.177 -06:00 [INF] Content root path: C:\xampp\htdocs\ProyectoBasesDatos\backend\backend
2024-10-28 10:57:15.152 -06:00 [INF] Request starting HTTP/1.1 GET http://localhost:5172/swagger/index.html - null null
2024-10-28 10:57:15.594 -06:00 [INF] Request finished HTTP/1.1 GET http://localhost:5172/swagger/index.html - 200 null text/html;charset=utf-8 452.9053ms
2024-10-28 10:57:15.816 -06:00 [INF] Request starting HTTP/1.1 GET http://localhost:5172/_framework/aspnetcore-browser-refresh.js - null null
2024-10-28 10:57:15.818 -06:00 [INF] Request starting HTTP/1.1 GET http://localhost:5172/_vs/browserLink - null null
2024-10-28 10:57:15.825 -06:00 [INF] Request finished HTTP/1.1 GET http://localhost:5172/_framework/aspnetcore-browser-refresh.js - 200 13750 application/javascript; charset=utf-8 9.15ms
2024-10-28 10:57:15.930 -06:00 [INF] Request finished HTTP/1.1 GET http://localhost:5172/_vs/browserLink - 200 null text/javascript; charset=UTF-8 114.0994ms
2024-10-28 10:57:17.188 -06:00 [INF] Request starting HTTP/1.1 GET http://localhost:5172/swagger/v1/swagger.json - null null
2024-10-28 10:57:17.894 -06:00 [INF] Request finished HTTP/1.1 GET http://localhost:5172/swagger/v1/swagger.json - 200 null application/json;charset=utf-8 705.2654ms
2024-10-28 10:57:40.486 -06:00 [INF] Request starting HTTP/1.1 GET http://localhost:5172/api/Database/test-connection - null null
2024-10-28 10:57:40.498 -06:00 [INF] Executing endpoint 'backend.Controllers.DatabaseController.TestConnection (backend)'
2024-10-28 10:57:40.526 -06:00 [INF] Route matched with {action = "TestConnection", controller = "Database"}. Executing controller action with signature System.Threading.Tasks.Task`1[Microsoft.AspNetCore.Mvc.IActionResult] TestConnection() on controller backend.Controllers.DatabaseController (backend).
2024-10-28 10:57:42.220 -06:00 [ERR] Error de Oracle: ORA-01017: nombre de usuario/contraseña no válidos; conexión denegada
https://docs.oracle.com/error-help/db/ora-01017/, Código: 1017
2024-10-28 10:57:42.294 -06:00 [INF] Executing ObjectResult, writing value of type 'System.String'.
2024-10-28 10:57:42.300 -06:00 [INF] Executed action backend.Controllers.DatabaseController.TestConnection (backend) in 1768.3217ms
2024-10-28 10:57:42.302 -06:00 [INF] Executed endpoint 'backend.Controllers.DatabaseController.TestConnection (backend)'
2024-10-28 10:57:42.304 -06:00 [INF] Request finished HTTP/1.1 GET http://localhost:5172/api/Database/test-connection - 500 null text/plain; charset=utf-8 1818.4795ms
2024-10-28 10:58:10.208 -06:00 [INF] Now listening on: http://localhost:5172
2024-10-28 10:58:10.283 -06:00 [INF] Application started. Press Ctrl+C to shut down.
2024-10-28 10:58:10.286 -06:00 [INF] Hosting environment: Development
2024-10-28 10:58:10.286 -06:00 [INF] Content root path: C:\xampp\htdocs\ProyectoBasesDatos\backend\backend
2024-10-28 10:58:10.804 -06:00 [INF] Request starting HTTP/1.1 GET http://localhost:5172/swagger/index.html - null null
2024-10-28 10:58:11.007 -06:00 [INF] Request finished HTTP/1.1 GET http://localhost:5172/swagger/index.html - 200 null text/html;charset=utf-8 209.4717ms
2024-10-28 10:58:11.039 -06:00 [INF] Request starting HTTP/1.1 GET http://localhost:5172/_framework/aspnetcore-browser-refresh.js - null null
2024-10-28 10:58:11.049 -06:00 [INF] Request finished HTTP/1.1 GET http://localhost:5172/_framework/aspnetcore-browser-refresh.js - 200 13750 application/javascript; charset=utf-8 10.6694ms
2024-10-28 10:58:11.119 -06:00 [INF] Request starting HTTP/1.1 GET http://localhost:5172/_vs/browserLink - null null
2024-10-28 10:58:11.186 -06:00 [INF] Request finished HTTP/1.1 GET http://localhost:5172/_vs/browserLink - 200 null text/javascript; charset=UTF-8 67.3656ms
2024-10-28 10:58:11.700 -06:00 [INF] Request starting HTTP/1.1 GET http://localhost:5172/swagger/v1/swagger.json - null null
2024-10-28 10:58:11.807 -06:00 [INF] Request finished HTTP/1.1 GET http://localhost:5172/swagger/v1/swagger.json - 200 null application/json;charset=utf-8 106.8393ms
2024-10-28 10:58:26.855 -06:00 [INF] Request starting HTTP/1.1 GET http://localhost:5172/api/Database/test-connection - null null
2024-10-28 10:58:26.865 -06:00 [INF] Executing endpoint 'backend.Controllers.DatabaseController.TestConnection (backend)'
2024-10-28 10:58:26.890 -06:00 [INF] Route matched with {action = "TestConnection", controller = "Database"}. Executing controller action with signature System.Threading.Tasks.Task`1[Microsoft.AspNetCore.Mvc.IActionResult] TestConnection() on controller backend.Controllers.DatabaseController (backend).
2024-10-28 10:58:28.496 -06:00 [ERR] Error de Oracle: ORA-01017: nombre de usuario/contraseña no válidos; conexión denegada
https://docs.oracle.com/error-help/db/ora-01017/, Código: 1017
2024-10-28 10:58:28.561 -06:00 [INF] Executing ObjectResult, writing value of type 'System.String'.
2024-10-28 10:58:28.570 -06:00 [INF] Executed action backend.Controllers.DatabaseController.TestConnection (backend) in 1675.6697ms
2024-10-28 10:58:28.571 -06:00 [INF] Executed endpoint 'backend.Controllers.DatabaseController.TestConnection (backend)'
2024-10-28 10:58:28.573 -06:00 [INF] Request finished HTTP/1.1 GET http://localhost:5172/api/Database/test-connection - 500 null text/plain; charset=utf-8 1718.3027ms
2024-10-28 10:59:57.086 -06:00 [INF] Now listening on: http://localhost:5172
2024-10-28 10:59:57.192 -06:00 [INF] Application started. Press Ctrl+C to shut down.
2024-10-28 10:59:57.193 -06:00 [INF] Hosting environment: Development
2024-10-28 10:59:57.194 -06:00 [INF] Content root path: C:\xampp\htdocs\ProyectoBasesDatos\backend\backend
2024-10-28 10:59:57.852 -06:00 [INF] Request starting HTTP/1.1 GET http://localhost:5172/swagger/index.html - null null
2024-10-28 10:59:59.386 -06:00 [INF] Request finished HTTP/1.1 GET http://localhost:5172/swagger/index.html - 200 null text/html;charset=utf-8 1539.5017ms
2024-10-28 10:59:59.428 -06:00 [INF] Request starting HTTP/1.1 GET http://localhost:5172/_framework/aspnetcore-browser-refresh.js - null null
2024-10-28 10:59:59.445 -06:00 [INF] Request finished HTTP/1.1 GET http://localhost:5172/_framework/aspnetcore-browser-refresh.js - 200 13750 application/javascript; charset=utf-8 17.7454ms
2024-10-28 10:59:59.628 -06:00 [INF] Request starting HTTP/1.1 GET http://localhost:5172/_vs/browserLink - null null
2024-10-28 10:59:59.683 -06:00 [INF] Request finished HTTP/1.1 GET http://localhost:5172/_vs/browserLink - 200 null text/javascript; charset=UTF-8 54.73ms
2024-10-28 11:00:00.150 -06:00 [INF] Request starting HTTP/1.1 GET http://localhost:5172/swagger/v1/swagger.json - null null
2024-10-28 11:00:00.247 -06:00 [INF] Request finished HTTP/1.1 GET http://localhost:5172/swagger/v1/swagger.json - 200 null application/json;charset=utf-8 97.8774ms
2024-10-28 11:00:45.793 -06:00 [INF] Request starting HTTP/1.1 GET http://localhost:5172/api/Database/test-connection - null null
2024-10-28 11:00:45.802 -06:00 [INF] Executing endpoint 'backend.Controllers.DatabaseController.TestConnection (backend)'
2024-10-28 11:00:45.827 -06:00 [INF] Route matched with {action = "TestConnection", controller = "Database"}. Executing controller action with signature System.Threading.Tasks.Task`1[Microsoft.AspNetCore.Mvc.IActionResult] TestConnection() on controller backend.Controllers.DatabaseController (backend).
2024-10-28 11:00:47.518 -06:00 [ERR] Error de Oracle: ORA-01017: nombre de usuario/contraseña no válidos; conexión denegada
https://docs.oracle.com/error-help/db/ora-01017/, Código: 1017
2024-10-28 11:00:47.606 -06:00 [INF] Executing ObjectResult, writing value of type 'System.String'.
2024-10-28 11:00:47.613 -06:00 [INF] Executed action backend.Controllers.DatabaseController.TestConnection (backend) in 1780.2708ms
2024-10-28 11:00:47.616 -06:00 [INF] Executed endpoint 'backend.Controllers.DatabaseController.TestConnection (backend)'
2024-10-28 11:00:47.618 -06:00 [INF] Request finished HTTP/1.1 GET http://localhost:5172/api/Database/test-connection - 500 null text/plain; charset=utf-8 1824.9297ms
2024-10-28 11:13:36.028 -06:00 [INF] Now listening on: http://localhost:5172
2024-10-28 11:13:36.285 -06:00 [INF] Application started. Press Ctrl+C to shut down.
2024-10-28 11:13:36.286 -06:00 [INF] Hosting environment: Development
2024-10-28 11:13:36.287 -06:00 [INF] Content root path: C:\xampp\htdocs\ProyectoBasesDatos\backend\backend
2024-10-28 11:13:37.023 -06:00 [INF] Request starting HTTP/1.1 GET http://localhost:5172/swagger/index.html - null null
2024-10-28 11:13:38.543 -06:00 [INF] Request finished HTTP/1.1 GET http://localhost:5172/swagger/index.html - 200 null text/html;charset=utf-8 1529.9673ms
2024-10-28 11:13:38.699 -06:00 [INF] Request starting HTTP/1.1 GET http://localhost:5172/_framework/aspnetcore-browser-refresh.js - null null
2024-10-28 11:13:38.819 -06:00 [INF] Request finished HTTP/1.1 GET http://localhost:5172/_framework/aspnetcore-browser-refresh.js - 200 13750 application/javascript; charset=utf-8 117.5169ms
2024-10-28 11:13:47.336 -06:00 [INF] Now listening on: http://localhost:5172
2024-10-28 11:13:47.431 -06:00 [INF] Application started. Press Ctrl+C to shut down.
2024-10-28 11:13:47.432 -06:00 [INF] Hosting environment: Development
2024-10-28 11:13:47.433 -06:00 [INF] Content root path: C:\xampp\htdocs\ProyectoBasesDatos\backend\backend
2024-10-28 11:13:49.555 -06:00 [INF] Request starting HTTP/1.1 GET http://localhost:5172/swagger - null null
2024-10-28 11:13:50.970 -06:00 [INF] Request finished HTTP/1.1 GET http://localhost:5172/swagger - 301 0 null 1424.827ms
2024-10-28 11:13:51.028 -06:00 [INF] Request starting HTTP/1.1 GET http://localhost:5172/swagger/index.html - null null
2024-10-28 11:13:51.539 -06:00 [INF] Request finished HTTP/1.1 GET http://localhost:5172/swagger/index.html - 200 null text/html;charset=utf-8 511.5468ms
2024-10-28 11:13:51.700 -06:00 [INF] Request starting HTTP/1.1 GET http://localhost:5172/swagger/swagger-ui-standalone-preset.js - null null
2024-10-28 11:13:51.544 -06:00 [INF] Request starting HTTP/1.1 GET http://localhost:5172/swagger/swagger-ui-bundle.js - null null
2024-10-28 11:13:51.705 -06:00 [INF] Request starting HTTP/1.1 GET http://localhost:5172/_framework/aspnetcore-browser-refresh.js - null null
2024-10-28 11:13:51.715 -06:00 [INF] Request starting HTTP/1.1 GET http://localhost:5172/swagger/swagger-ui.css - null null
2024-10-28 11:13:51.742 -06:00 [INF] Request finished HTTP/1.1 GET http://localhost:5172/_framework/aspnetcore-browser-refresh.js - 200 13750 application/javascript; charset=utf-8 37.6382ms
2024-10-28 11:13:51.777 -06:00 [INF] Request starting HTTP/1.1 GET http://localhost:5172/_vs/browserLink - null null
2024-10-28 11:13:51.940 -06:00 [INF] Sending file. Request path: '/swagger-ui.css'. Physical path: 'N/A'
2024-10-28 11:13:51.940 -06:00 [INF] Sending file. Request path: '/swagger-ui-standalone-preset.js'. Physical path: 'N/A'
2024-10-28 11:13:51.964 -06:00 [INF] Request finished HTTP/1.1 GET http://localhost:5172/swagger/swagger-ui.css - 200 152034 text/css 248.9798ms
2024-10-28 11:13:51.984 -06:00 [INF] Request finished HTTP/1.1 GET http://localhost:5172/swagger/swagger-ui-standalone-preset.js - 200 230280 text/javascript 284.1248ms
2024-10-28 11:13:52.104 -06:00 [INF] Sending file. Request path: '/swagger-ui-bundle.js'. Physical path: 'N/A'
2024-10-28 11:13:52.106 -06:00 [INF] Request finished HTTP/1.1 GET http://localhost:5172/swagger/swagger-ui-bundle.js - 200 1456926 text/javascript 562.1443ms
2024-10-28 11:13:52.136 -06:00 [INF] Request finished HTTP/1.1 GET http://localhost:5172/_vs/browserLink - 200 null text/javascript; charset=UTF-8 359.234ms
2024-10-28 11:13:53.460 -06:00 [INF] Request starting HTTP/1.1 GET http://localhost:5172/swagger/v1/swagger.json - null null
2024-10-28 11:13:53.720 -06:00 [INF] Request finished HTTP/1.1 GET http://localhost:5172/swagger/v1/swagger.json - 200 null application/json;charset=utf-8 259.8426ms
2024-10-28 11:14:01.400 -06:00 [INF] Request starting HTTP/1.1 GET http://localhost:5172/api/Database/test-connection - null null
2024-10-28 11:14:01.415 -06:00 [INF] Executing endpoint 'backend.Controllers.DatabaseController.TestConnection (backend)'
2024-10-28 11:14:01.459 -06:00 [INF] Route matched with {action = "TestConnection", controller = "Database"}. Executing controller action with signature System.Threading.Tasks.Task`1[Microsoft.AspNetCore.Mvc.IActionResult] TestConnection() on controller backend.Controllers.DatabaseController (backend).
2024-10-28 11:14:17.814 -06:00 [ERR] Error de Oracle: ORA-01017: nombre de usuario/contraseña no válidos; conexión denegada
https://docs.oracle.com/error-help/db/ora-01017/, Código: 1017
2024-10-28 11:14:17.894 -06:00 [INF] Executing ObjectResult, writing value of type 'System.String'.
2024-10-28 11:14:17.902 -06:00 [INF] Executed action backend.Controllers.DatabaseController.TestConnection (backend) in 16434.0637ms
2024-10-28 11:14:17.904 -06:00 [INF] Executed endpoint 'backend.Controllers.DatabaseController.TestConnection (backend)'
2024-10-28 11:14:17.905 -06:00 [INF] Request finished HTTP/1.1 GET http://localhost:5172/api/Database/test-connection - 500 null text/plain; charset=utf-8 16505.2419ms
2024-10-28 11:19:14.278 -06:00 [INF] Now listening on: http://localhost:5172
2024-10-28 11:19:14.413 -06:00 [INF] Application started. Press Ctrl+C to shut down.
2024-10-28 11:19:14.415 -06:00 [INF] Hosting environment: Development
2024-10-28 11:19:14.416 -06:00 [INF] Content root path: C:\xampp\htdocs\ProyectoBasesDatos\backend\backend
2024-10-28 11:19:16.192 -06:00 [INF] Request starting HTTP/1.1 GET http://localhost:5172/swagger/index.html - null null
2024-10-28 11:19:16.708 -06:00 [INF] Request finished HTTP/1.1 GET http://localhost:5172/swagger/index.html - 200 null text/html;charset=utf-8 530.5919ms
2024-10-28 11:19:16.774 -06:00 [INF] Request starting HTTP/1.1 GET http://localhost:5172/_framework/aspnetcore-browser-refresh.js - null null
2024-10-28 11:19:16.854 -06:00 [INF] Request finished HTTP/1.1 GET http://localhost:5172/_framework/aspnetcore-browser-refresh.js - 200 13750 application/javascript; charset=utf-8 80.3271ms
2024-10-28 11:19:16.911 -06:00 [INF] Request starting HTTP/1.1 GET http://localhost:5172/_vs/browserLink - null null
2024-10-28 11:19:17.444 -06:00 [INF] Request finished HTTP/1.1 GET http://localhost:5172/_vs/browserLink - 200 null text/javascript; charset=UTF-8 532.831ms
2024-10-28 11:19:18.438 -06:00 [INF] Request starting HTTP/1.1 GET http://localhost:5172/swagger/v1/swagger.json - null null
2024-10-28 11:19:18.767 -06:00 [INF] Request finished HTTP/1.1 GET http://localhost:5172/swagger/v1/swagger.json - 200 null application/json;charset=utf-8 328.9847ms
2024-10-28 11:19:32.285 -06:00 [INF] Request starting HTTP/1.1 GET http://localhost:5172/api/Database/test-connection - null null
2024-10-28 11:19:32.300 -06:00 [INF] Executing endpoint 'backend.Controllers.DatabaseController.TestConnection (backend)'
2024-10-28 11:19:32.325 -06:00 [INF] Route matched with {action = "TestConnection", controller = "Database"}. Executing controller action with signature System.Threading.Tasks.Task`1[Microsoft.AspNetCore.Mvc.IActionResult] TestConnection() on controller backend.Controllers.DatabaseController (backend).
2024-10-28 11:19:35.344 -06:00 [ERR] Error de Oracle: ORA-01017: nombre de usuario/contraseña no válidos; conexión denegada
https://docs.oracle.com/error-help/db/ora-01017/, Código: 1017
2024-10-28 11:19:35.414 -06:00 [INF] Executing ObjectResult, writing value of type 'System.String'.
2024-10-28 11:19:35.421 -06:00 [INF] Executed action backend.Controllers.DatabaseController.TestConnection (backend) in 3091.5741ms
2024-10-28 11:19:35.424 -06:00 [INF] Executed endpoint 'backend.Controllers.DatabaseController.TestConnection (backend)'
2024-10-28 11:19:35.425 -06:00 [INF] Request finished HTTP/1.1 GET http://localhost:5172/api/Database/test-connection - 500 null text/plain; charset=utf-8 3139.509ms
2024-10-28 11:24:03.509 -06:00 [INF] Now listening on: http://localhost:5172
2024-10-28 11:24:03.539 -06:00 [INF] Application started. Press Ctrl+C to shut down.
2024-10-28 11:24:03.540 -06:00 [INF] Hosting environment: Development
2024-10-28 11:24:03.541 -06:00 [INF] Content root path: C:\xampp\htdocs\ProyectoBasesDatos\backend\backend
2024-10-28 11:24:23.430 -06:00 [INF] Request starting HTTP/1.1 GET http://localhost:5172/swagger/index.html - null null
2024-10-28 11:24:23.655 -06:00 [INF] Request finished HTTP/1.1 GET http://localhost:5172/swagger/index.html - 200 null text/html;charset=utf-8 230.386ms
2024-10-28 11:24:24.500 -06:00 [INF] Request starting HTTP/1.1 GET http://localhost:5172/swagger/v1/swagger.json - null null
2024-10-28 11:24:24.599 -06:00 [INF] Request finished HTTP/1.1 GET http://localhost:5172/swagger/v1/swagger.json - 200 null application/json;charset=utf-8 99.5479ms
2024-10-28 11:24:35.095 -06:00 [INF] Request starting HTTP/1.1 GET http://localhost:5172/api/Database/test-connection - null null
2024-10-28 11:24:35.110 -06:00 [INF] Executing endpoint 'backend.Controllers.DatabaseController.TestConnection (backend)'
2024-10-28 11:24:35.135 -06:00 [INF] Route matched with {action = "TestConnection", controller = "Database"}. Executing controller action with signature System.Threading.Tasks.Task`1[Microsoft.AspNetCore.Mvc.IActionResult] TestConnection() on controller backend.Controllers.DatabaseController (backend).
2024-10-28 11:24:36.735 -06:00 [ERR] Error de Oracle: ORA-01017: nombre de usuario/contraseña no válidos; conexión denegada
https://docs.oracle.com/error-help/db/ora-01017/, Código: 1017
2024-10-28 11:24:36.742 -06:00 [INF] Executing ObjectResult, writing value of type 'System.String'.
2024-10-28 11:24:36.747 -06:00 [INF] Executed action backend.Controllers.DatabaseController.TestConnection (backend) in 1606.4278ms
2024-10-28 11:24:36.748 -06:00 [INF] Executed endpoint 'backend.Controllers.DatabaseController.TestConnection (backend)'
2024-10-28 11:24:36.751 -06:00 [INF] Request finished HTTP/1.1 GET http://localhost:5172/api/Database/test-connection - 500 null text/plain; charset=utf-8 1655.7289ms
