2024-10-26 20:16:22.307 -06:00 [INF] Now listening on: http://localhost:5172
2024-10-26 20:16:22.506 -06:00 [INF] Application started. Press Ctrl+C to shut down.
2024-10-26 20:16:22.509 -06:00 [INF] Hosting environment: Development
2024-10-26 20:16:22.511 -06:00 [INF] Content root path: C:\xampp\htdocs\ProyectoBasesDatos\backend\backend
2024-10-26 20:16:22.795 -06:00 [INF] Request starting HTTP/1.1 GET http://localhost:5172/swagger/index.html - null null
2024-10-26 20:16:23.196 -06:00 [INF] Request finished HTTP/1.1 GET http://localhost:5172/swagger/index.html - 200 null text/html;charset=utf-8 420.5479ms
2024-10-26 20:16:23.201 -06:00 [INF] Request starting HTTP/1.1 GET http://localhost:5172/_vs/browserLink - null null
2024-10-26 20:16:23.209 -06:00 [INF] Request starting HTTP/1.1 GET http://localhost:5172/_framework/aspnetcore-browser-refresh.js - null null
2024-10-26 20:16:23.226 -06:00 [INF] Request finished HTTP/1.1 GET http://localhost:5172/_framework/aspnetcore-browser-refresh.js - 200 13750 application/javascript; charset=utf-8 13.2612ms
2024-10-26 20:16:23.292 -06:00 [INF] Request finished HTTP/1.1 GET http://localhost:5172/_vs/browserLink - 200 null text/javascript; charset=UTF-8 91.0876ms
2024-10-26 20:16:23.349 -06:00 [INF] Request starting HTTP/1.1 GET http://localhost:5172/swagger/v1/swagger.json - null null
2024-10-26 20:16:23.500 -06:00 [INF] Request finished HTTP/1.1 GET http://localhost:5172/swagger/v1/swagger.json - 200 null application/json;charset=utf-8 150.662ms
2024-10-26 20:16:27.425 -06:00 [INF] Request starting HTTP/1.1 GET http://localhost:5172/api/ApiSchema/get-tables - null null
2024-10-26 20:16:27.440 -06:00 [INF] CORS policy execution successful.
2024-10-26 20:16:27.449 -06:00 [INF] Executing endpoint 'backend.Controllers.ApiSchema.GetTables (backend)'
2024-10-26 20:16:27.483 -06:00 [INF] Route matched with {action = "GetTables", controller = "ApiSchema"}. Executing controller action with signature Microsoft.AspNetCore.Mvc.ActionResult`1[Response.ResGetTables] GetTables() on controller backend.Controllers.ApiSchema (backend).
2024-10-26 20:16:28.529 -06:00 [INF] Executing OkObjectResult, writing value of type 'Response.ResGetTables'.
2024-10-26 20:16:28.544 -06:00 [INF] Request starting HTTP/1.1 GET http://localhost:5172/api/ApiSchema/get-tables - null null
2024-10-26 20:16:28.546 -06:00 [INF] Executed action backend.Controllers.ApiSchema.GetTables (backend) in 1052.9815ms
2024-10-26 20:16:28.551 -06:00 [INF] CORS policy execution successful.
2024-10-26 20:16:28.551 -06:00 [INF] Executed endpoint 'backend.Controllers.ApiSchema.GetTables (backend)'
2024-10-26 20:16:28.553 -06:00 [INF] Executing endpoint 'backend.Controllers.ApiSchema.GetTables (backend)'
2024-10-26 20:16:28.554 -06:00 [INF] Request finished HTTP/1.1 GET http://localhost:5172/api/ApiSchema/get-tables - 200 null application/json; charset=utf-8 1129.7135ms
2024-10-26 20:16:28.556 -06:00 [INF] Route matched with {action = "GetTables", controller = "ApiSchema"}. Executing controller action with signature Microsoft.AspNetCore.Mvc.ActionResult`1[Response.ResGetTables] GetTables() on controller backend.Controllers.ApiSchema (backend).
2024-10-26 20:16:28.601 -06:00 [INF] Executing OkObjectResult, writing value of type 'Response.ResGetTables'.
2024-10-26 20:16:28.605 -06:00 [INF] Executed action backend.Controllers.ApiSchema.GetTables (backend) in 39.8256ms
2024-10-26 20:16:28.608 -06:00 [INF] Executed endpoint 'backend.Controllers.ApiSchema.GetTables (backend)'
2024-10-26 20:16:28.610 -06:00 [INF] Request finished HTTP/1.1 GET http://localhost:5172/api/ApiSchema/get-tables - 200 null application/json; charset=utf-8 66.4174ms
2024-10-26 20:16:49.577 -06:00 [INF] Request starting HTTP/1.1 GET http://localhost:5172/api/ApiSchema/get-tables - null null
2024-10-26 20:16:49.585 -06:00 [INF] CORS policy execution successful.
2024-10-26 20:16:49.587 -06:00 [INF] Executing endpoint 'backend.Controllers.ApiSchema.GetTables (backend)'
2024-10-26 20:16:49.590 -06:00 [INF] Route matched with {action = "GetTables", controller = "ApiSchema"}. Executing controller action with signature Microsoft.AspNetCore.Mvc.ActionResult`1[Response.ResGetTables] GetTables() on controller backend.Controllers.ApiSchema (backend).
2024-10-26 20:16:49.630 -06:00 [INF] Executing OkObjectResult, writing value of type 'Response.ResGetTables'.
2024-10-26 20:16:49.633 -06:00 [INF] Executed action backend.Controllers.ApiSchema.GetTables (backend) in 39.1917ms
2024-10-26 20:16:49.636 -06:00 [INF] Executed endpoint 'backend.Controllers.ApiSchema.GetTables (backend)'
2024-10-26 20:16:49.639 -06:00 [INF] Request finished HTTP/1.1 GET http://localhost:5172/api/ApiSchema/get-tables - 200 null application/json; charset=utf-8 61.5331ms
2024-10-26 20:16:51.022 -06:00 [INF] Request starting HTTP/1.1 OPTIONS http://localhost:5172/api/ApiRespaldo/schema - null null
2024-10-26 20:16:51.027 -06:00 [INF] CORS policy execution successful.
2024-10-26 20:16:51.030 -06:00 [INF] Request finished HTTP/1.1 OPTIONS http://localhost:5172/api/ApiRespaldo/schema - 204 null null 7.4785ms
2024-10-26 20:16:51.035 -06:00 [INF] Request starting HTTP/1.1 POST http://localhost:5172/api/ApiRespaldo/schema - application/json 109
2024-10-26 20:16:51.039 -06:00 [INF] CORS policy execution successful.
2024-10-26 20:16:51.041 -06:00 [INF] Executing endpoint 'backend.Controllers.ApiRespaldo.RespaldoSchema (backend)'
2024-10-26 20:16:51.052 -06:00 [INF] Route matched with {action = "RespaldoSchema", controller = "ApiRespaldo"}. Executing controller action with signature Microsoft.AspNetCore.Mvc.IActionResult RespaldoSchema(Request.ReqRespaldoSchema) on controller backend.Controllers.ApiRespaldo (backend).
2024-10-26 20:16:51.093 -06:00 [INF] Iniciando respaldo para el esquema: 
2024-10-26 20:16:51.171 -06:00 [INF] Ejecutando el comando de respaldo: expdp /root123@XE SCHEMAS= DIRECTORY=HD2 DUMPFILE=_BACKUP.DMP LOGFILE=_BACKUP.LOG REUSE_DUMPFILES=Y
2024-10-26 20:16:52.517 -06:00 [INF] Salida del comando: 
2024-10-26 20:16:52.519 -06:00 [ERR] Error del comando: LRM-00116: error de sintaxis en 'DIRECTORY' despuÚs de '='


2024-10-26 20:16:52.522 -06:00 [INF] Executing BadRequestObjectResult, writing value of type 'System.Collections.Generic.List`1[[System.String, System.Private.CoreLib, Version=8.0.0.0, Culture=neutral, PublicKeyToken=7cec85d7bea7798e]]'.
2024-10-26 20:16:52.524 -06:00 [INF] Executed action backend.Controllers.ApiRespaldo.RespaldoSchema (backend) in 1469.0395ms
2024-10-26 20:16:52.527 -06:00 [INF] Executed endpoint 'backend.Controllers.ApiRespaldo.RespaldoSchema (backend)'
2024-10-26 20:16:52.529 -06:00 [INF] Request finished HTTP/1.1 POST http://localhost:5172/api/ApiRespaldo/schema - 400 null application/json; charset=utf-8 1494.34ms
2024-10-26 20:19:22.095 -06:00 [INF] Request starting HTTP/1.1 GET http://localhost:5172/api/ApiSchema/get-tables - null null
2024-10-26 20:19:22.118 -06:00 [INF] CORS policy execution successful.
2024-10-26 20:19:22.121 -06:00 [INF] Executing endpoint 'backend.Controllers.ApiSchema.GetTables (backend)'
2024-10-26 20:19:22.125 -06:00 [INF] Route matched with {action = "GetTables", controller = "ApiSchema"}. Executing controller action with signature Microsoft.AspNetCore.Mvc.ActionResult`1[Response.ResGetTables] GetTables() on controller backend.Controllers.ApiSchema (backend).
2024-10-26 20:19:22.179 -06:00 [INF] Executing OkObjectResult, writing value of type 'Response.ResGetTables'.
2024-10-26 20:19:22.184 -06:00 [INF] Executed action backend.Controllers.ApiSchema.GetTables (backend) in 53.5336ms
2024-10-26 20:19:22.189 -06:00 [INF] Executed endpoint 'backend.Controllers.ApiSchema.GetTables (backend)'
2024-10-26 20:19:22.192 -06:00 [INF] Request finished HTTP/1.1 GET http://localhost:5172/api/ApiSchema/get-tables - 200 null application/json; charset=utf-8 97.7139ms
2024-10-26 20:19:24.061 -06:00 [INF] Request starting HTTP/1.1 GET http://localhost:5172/api/ApiSchema/get-tables - null null
2024-10-26 20:19:24.069 -06:00 [INF] CORS policy execution successful.
2024-10-26 20:19:24.071 -06:00 [INF] Executing endpoint 'backend.Controllers.ApiSchema.GetTables (backend)'
2024-10-26 20:19:24.073 -06:00 [INF] Route matched with {action = "GetTables", controller = "ApiSchema"}. Executing controller action with signature Microsoft.AspNetCore.Mvc.ActionResult`1[Response.ResGetTables] GetTables() on controller backend.Controllers.ApiSchema (backend).
2024-10-26 20:19:24.108 -06:00 [INF] Executing OkObjectResult, writing value of type 'Response.ResGetTables'.
2024-10-26 20:19:24.114 -06:00 [INF] Executed action backend.Controllers.ApiSchema.GetTables (backend) in 38.8468ms
2024-10-26 20:19:24.119 -06:00 [INF] Executed endpoint 'backend.Controllers.ApiSchema.GetTables (backend)'
2024-10-26 20:19:24.123 -06:00 [INF] Request starting HTTP/1.1 GET http://localhost:5172/api/ApiSchema/get-tables - null null
2024-10-26 20:19:24.130 -06:00 [INF] Request finished HTTP/1.1 GET http://localhost:5172/api/ApiSchema/get-tables - 200 null application/json; charset=utf-8 68.4351ms
2024-10-26 20:19:24.136 -06:00 [INF] CORS policy execution successful.
2024-10-26 20:19:24.147 -06:00 [INF] Executing endpoint 'backend.Controllers.ApiSchema.GetTables (backend)'
2024-10-26 20:19:24.152 -06:00 [INF] Route matched with {action = "GetTables", controller = "ApiSchema"}. Executing controller action with signature Microsoft.AspNetCore.Mvc.ActionResult`1[Response.ResGetTables] GetTables() on controller backend.Controllers.ApiSchema (backend).
2024-10-26 20:19:24.200 -06:00 [INF] Executing OkObjectResult, writing value of type 'Response.ResGetTables'.
2024-10-26 20:19:24.204 -06:00 [INF] Executed action backend.Controllers.ApiSchema.GetTables (backend) in 42.9261ms
2024-10-26 20:19:24.209 -06:00 [INF] Executed endpoint 'backend.Controllers.ApiSchema.GetTables (backend)'
2024-10-26 20:19:24.211 -06:00 [INF] Request finished HTTP/1.1 GET http://localhost:5172/api/ApiSchema/get-tables - 200 null application/json; charset=utf-8 91.7206ms
2024-10-26 20:20:02.093 -06:00 [INF] Request starting HTTP/1.1 GET http://localhost:5172/api/ApiSchema/get-tables - null null
2024-10-26 20:20:02.110 -06:00 [INF] CORS policy execution successful.
2024-10-26 20:20:02.113 -06:00 [INF] Executing endpoint 'backend.Controllers.ApiSchema.GetTables (backend)'
2024-10-26 20:20:02.116 -06:00 [INF] Route matched with {action = "GetTables", controller = "ApiSchema"}. Executing controller action with signature Microsoft.AspNetCore.Mvc.ActionResult`1[Response.ResGetTables] GetTables() on controller backend.Controllers.ApiSchema (backend).
2024-10-26 20:20:02.211 -06:00 [INF] Executing OkObjectResult, writing value of type 'Response.ResGetTables'.
2024-10-26 20:20:02.217 -06:00 [INF] Executed action backend.Controllers.ApiSchema.GetTables (backend) in 95.1211ms
2024-10-26 20:20:02.221 -06:00 [INF] Request starting HTTP/1.1 GET http://localhost:5172/api/ApiSchema/get-tables - null null
2024-10-26 20:20:02.231 -06:00 [INF] Executed endpoint 'backend.Controllers.ApiSchema.GetTables (backend)'
2024-10-26 20:20:02.238 -06:00 [INF] CORS policy execution successful.
2024-10-26 20:20:02.241 -06:00 [INF] Request finished HTTP/1.1 GET http://localhost:5172/api/ApiSchema/get-tables - 200 null application/json; charset=utf-8 151.2944ms
2024-10-26 20:20:02.253 -06:00 [INF] Executing endpoint 'backend.Controllers.ApiSchema.GetTables (backend)'
2024-10-26 20:20:02.269 -06:00 [INF] Route matched with {action = "GetTables", controller = "ApiSchema"}. Executing controller action with signature Microsoft.AspNetCore.Mvc.ActionResult`1[Response.ResGetTables] GetTables() on controller backend.Controllers.ApiSchema (backend).
2024-10-26 20:20:02.337 -06:00 [INF] Executing OkObjectResult, writing value of type 'Response.ResGetTables'.
2024-10-26 20:20:02.342 -06:00 [INF] Executed action backend.Controllers.ApiSchema.GetTables (backend) in 66.763ms
2024-10-26 20:20:02.351 -06:00 [INF] Executed endpoint 'backend.Controllers.ApiSchema.GetTables (backend)'
2024-10-26 20:20:02.356 -06:00 [INF] Request finished HTTP/1.1 GET http://localhost:5172/api/ApiSchema/get-tables - 200 null application/json; charset=utf-8 134.4305ms
2024-10-26 20:20:04.240 -06:00 [INF] Request starting HTTP/1.1 GET http://localhost:5172/api/ApiSchema/get-tables - null null
2024-10-26 20:20:04.253 -06:00 [INF] CORS policy execution successful.
2024-10-26 20:20:04.257 -06:00 [INF] Executing endpoint 'backend.Controllers.ApiSchema.GetTables (backend)'
2024-10-26 20:20:04.261 -06:00 [INF] Route matched with {action = "GetTables", controller = "ApiSchema"}. Executing controller action with signature Microsoft.AspNetCore.Mvc.ActionResult`1[Response.ResGetTables] GetTables() on controller backend.Controllers.ApiSchema (backend).
2024-10-26 20:20:04.331 -06:00 [INF] Executing OkObjectResult, writing value of type 'Response.ResGetTables'.
2024-10-26 20:20:04.334 -06:00 [INF] Executed action backend.Controllers.ApiSchema.GetTables (backend) in 66.2843ms
2024-10-26 20:20:04.336 -06:00 [INF] Executed endpoint 'backend.Controllers.ApiSchema.GetTables (backend)'
2024-10-26 20:20:04.338 -06:00 [INF] Request finished HTTP/1.1 GET http://localhost:5172/api/ApiSchema/get-tables - 200 null application/json; charset=utf-8 98.0654ms
2024-10-26 20:20:18.060 -06:00 [INF] Request starting HTTP/1.1 GET http://localhost:5172/api/ApiSchema/get-tables - null null
2024-10-26 20:20:18.067 -06:00 [INF] CORS policy execution successful.
2024-10-26 20:20:18.070 -06:00 [INF] Executing endpoint 'backend.Controllers.ApiSchema.GetTables (backend)'
2024-10-26 20:20:18.074 -06:00 [INF] Route matched with {action = "GetTables", controller = "ApiSchema"}. Executing controller action with signature Microsoft.AspNetCore.Mvc.ActionResult`1[Response.ResGetTables] GetTables() on controller backend.Controllers.ApiSchema (backend).
2024-10-26 20:20:18.112 -06:00 [INF] Executing OkObjectResult, writing value of type 'Response.ResGetTables'.
2024-10-26 20:20:18.117 -06:00 [INF] Executed action backend.Controllers.ApiSchema.GetTables (backend) in 38.2229ms
2024-10-26 20:20:18.120 -06:00 [INF] Executed endpoint 'backend.Controllers.ApiSchema.GetTables (backend)'
2024-10-26 20:20:18.123 -06:00 [INF] Request finished HTTP/1.1 GET http://localhost:5172/api/ApiSchema/get-tables - 200 null application/json; charset=utf-8 63.9682ms
2024-10-26 20:20:30.048 -06:00 [INF] Request starting HTTP/1.1 GET http://localhost:5172/api/ApiSchema/get-tables - null null
2024-10-26 20:20:30.057 -06:00 [INF] CORS policy execution successful.
2024-10-26 20:20:30.062 -06:00 [INF] Executing endpoint 'backend.Controllers.ApiSchema.GetTables (backend)'
2024-10-26 20:20:30.067 -06:00 [INF] Route matched with {action = "GetTables", controller = "ApiSchema"}. Executing controller action with signature Microsoft.AspNetCore.Mvc.ActionResult`1[Response.ResGetTables] GetTables() on controller backend.Controllers.ApiSchema (backend).
2024-10-26 20:20:30.118 -06:00 [INF] Executing OkObjectResult, writing value of type 'Response.ResGetTables'.
2024-10-26 20:20:30.123 -06:00 [INF] Executed action backend.Controllers.ApiSchema.GetTables (backend) in 46.5892ms
2024-10-26 20:20:30.127 -06:00 [INF] Executed endpoint 'backend.Controllers.ApiSchema.GetTables (backend)'
2024-10-26 20:20:30.132 -06:00 [INF] Request finished HTTP/1.1 GET http://localhost:5172/api/ApiSchema/get-tables - 200 null application/json; charset=utf-8 84.0228ms
2024-10-26 20:20:48.060 -06:00 [INF] Request starting HTTP/1.1 GET http://localhost:5172/api/ApiSchema/get-tables - null null
2024-10-26 20:20:48.069 -06:00 [INF] CORS policy execution successful.
2024-10-26 20:20:48.072 -06:00 [INF] Executing endpoint 'backend.Controllers.ApiSchema.GetTables (backend)'
2024-10-26 20:20:48.076 -06:00 [INF] Route matched with {action = "GetTables", controller = "ApiSchema"}. Executing controller action with signature Microsoft.AspNetCore.Mvc.ActionResult`1[Response.ResGetTables] GetTables() on controller backend.Controllers.ApiSchema (backend).
2024-10-26 20:20:48.120 -06:00 [INF] Executing OkObjectResult, writing value of type 'Response.ResGetTables'.
2024-10-26 20:20:48.124 -06:00 [INF] Executed action backend.Controllers.ApiSchema.GetTables (backend) in 43.11ms
2024-10-26 20:20:48.127 -06:00 [INF] Request starting HTTP/1.1 GET http://localhost:5172/api/ApiSchema/get-tables - null null
2024-10-26 20:20:48.128 -06:00 [INF] Executed endpoint 'backend.Controllers.ApiSchema.GetTables (backend)'
2024-10-26 20:20:48.134 -06:00 [INF] CORS policy execution successful.
2024-10-26 20:20:48.137 -06:00 [INF] Request finished HTTP/1.1 GET http://localhost:5172/api/ApiSchema/get-tables - 200 null application/json; charset=utf-8 77.0106ms
2024-10-26 20:20:48.139 -06:00 [INF] Executing endpoint 'backend.Controllers.ApiSchema.GetTables (backend)'
2024-10-26 20:20:48.150 -06:00 [INF] Route matched with {action = "GetTables", controller = "ApiSchema"}. Executing controller action with signature Microsoft.AspNetCore.Mvc.ActionResult`1[Response.ResGetTables] GetTables() on controller backend.Controllers.ApiSchema (backend).
2024-10-26 20:20:48.199 -06:00 [INF] Executing OkObjectResult, writing value of type 'Response.ResGetTables'.
2024-10-26 20:20:48.203 -06:00 [INF] Executed action backend.Controllers.ApiSchema.GetTables (backend) in 48.3248ms
2024-10-26 20:20:48.207 -06:00 [INF] Executed endpoint 'backend.Controllers.ApiSchema.GetTables (backend)'
2024-10-26 20:20:48.210 -06:00 [INF] Request finished HTTP/1.1 GET http://localhost:5172/api/ApiSchema/get-tables - 200 null application/json; charset=utf-8 83.4629ms
2024-10-26 20:22:07.650 -06:00 [INF] Request starting HTTP/1.1 OPTIONS http://localhost:5172/api/ApiRespaldo/schema - null null
2024-10-26 20:22:07.658 -06:00 [INF] CORS policy execution successful.
2024-10-26 20:22:07.660 -06:00 [INF] Request finished HTTP/1.1 OPTIONS http://localhost:5172/api/ApiRespaldo/schema - 204 null null 10.6193ms
2024-10-26 20:22:07.671 -06:00 [INF] Request starting HTTP/1.1 POST http://localhost:5172/api/ApiRespaldo/schema - application/json 115
2024-10-26 20:22:07.675 -06:00 [INF] CORS policy execution successful.
2024-10-26 20:22:07.676 -06:00 [INF] Executing endpoint 'backend.Controllers.ApiRespaldo.RespaldoSchema (backend)'
2024-10-26 20:22:07.678 -06:00 [INF] Route matched with {action = "RespaldoSchema", controller = "ApiRespaldo"}. Executing controller action with signature Microsoft.AspNetCore.Mvc.IActionResult RespaldoSchema(Request.ReqRespaldoSchema) on controller backend.Controllers.ApiRespaldo (backend).
2024-10-26 20:22:07.683 -06:00 [INF] Iniciando respaldo para el esquema: HR
2024-10-26 20:22:07.687 -06:00 [INF] Ejecutando el comando de respaldo: expdp HR/root123@XE SCHEMAS=HR DIRECTORY=HD3 DUMPFILE=HR_BACKUP.DMP LOGFILE=HR_BACKUP.LOG REUSE_DUMPFILES=Y
2024-10-26 20:24:41.848 -06:00 [INF] Salida del comando: 
2024-10-26 20:24:41.851 -06:00 [ERR] Error del comando: 
Export: Release 21.0.0.0.0 - Production on Sßb Oct 26 20:22:07 2024
Version 21.3.0.0.0

Copyright (c) 1982, 2021, Oracle and/or its affiliates.  All rights reserved.

Conectado a: Oracle Database 21c Express Edition Release 21.0.0.0.0 - Production

Advertencia: Las operaciones de Oracle Data Pump no se necesitan normalmente cuando se conecta a la raÝz o al elemento inicial de una base de datos del contenedor.

Iniciando "HR"."SYS_EXPORT_SCHEMA_01":  HR/********@XE SCHEMAS=HR DIRECTORY=HD3 DUMPFILE=HR_BACKUP.DMP LOGFILE=HR_BACKUP.LOG REUSE_DUMPFILES=Y 
Procesando el tipo de objeto SCHEMA_EXPORT/TABLE/TABLE_DATA
Procesando el tipo de objeto SCHEMA_EXPORT/TABLE/INDEX/STATISTICS/INDEX_STATISTICS
Procesando el tipo de objeto SCHEMA_EXPORT/TABLE/STATISTICS/TABLE_STATISTICS
Procesando el tipo de objeto SCHEMA_EXPORT/STATISTICS/MARKER
Procesando el tipo de objeto SCHEMA_EXPORT/DEFAULT_ROLE
Procesando el tipo de objeto SCHEMA_EXPORT/PRE_SCHEMA/PROCACT_SCHEMA
Procesando el tipo de objeto SCHEMA_EXPORT/SEQUENCE/SEQUENCE
Procesando el tipo de objeto SCHEMA_EXPORT/TABLE/TABLE
Procesando el tipo de objeto SCHEMA_EXPORT/TABLE/COMMENT
Procesando el tipo de objeto SCHEMA_EXPORT/PROCEDURE/PROCEDURE
Procesando el tipo de objeto SCHEMA_EXPORT/PROCEDURE/ALTER_PROCEDURE
Procesando el tipo de objeto SCHEMA_EXPORT/VIEW/VIEW
Procesando el tipo de objeto SCHEMA_EXPORT/TABLE/INDEX/INDEX
Procesando el tipo de objeto SCHEMA_EXPORT/TABLE/CONSTRAINT/CONSTRAINT
Procesando el tipo de objeto SCHEMA_EXPORT/TABLE/CONSTRAINT/REF_CONSTRAINT
Procesando el tipo de objeto SCHEMA_EXPORT/TABLE/TRIGGER
. . "HR"."EMPLOYEES"                            17.08 KB     107 filas exportadas
. . "HR"."LOCATIONS"                            8.437 KB      23 filas exportadas
. . "HR"."JOB_HISTORY"                          7.195 KB      10 filas exportadas
. . "HR"."JOBS"                                 7.109 KB      19 filas exportadas
. . "HR"."DEPARTMENTS"                          7.125 KB      27 filas exportadas
. . "HR"."COUNTRIES"                            6.367 KB      25 filas exportadas
. . "HR"."REGIONS"                              5.546 KB       4 filas exportadas
La tabla maestra "HR"."SYS_EXPORT_SCHEMA_01" se ha cargado/descargado correctamente
******************************************************************************
El juego de archivos de volcado para HR.SYS_EXPORT_SCHEMA_01 es:
  C:\ORACLE_FILES\HD3\HR_BACKUP.DMP
El trabajo "HR"."SYS_EXPORT_SCHEMA_01" ha terminado correctamente en Sßb Oct 26 20:24:36 2024 elapsed 0 00:02:21


2024-10-26 20:24:41.856 -06:00 [INF] -----------------Ejecutando el saveInfoDirectorio
2024-10-26 20:24:41.926 -06:00 [INF] Executing OkObjectResult, writing value of type 'System.String'.
2024-10-26 20:24:41.931 -06:00 [INF] Executed action backend.Controllers.ApiRespaldo.RespaldoSchema (backend) in 154249.4255ms
2024-10-26 20:24:41.941 -06:00 [INF] Executed endpoint 'backend.Controllers.ApiRespaldo.RespaldoSchema (backend)'
2024-10-26 20:24:41.948 -06:00 [INF] Request finished HTTP/1.1 POST http://localhost:5172/api/ApiRespaldo/schema - 200 null text/plain; charset=utf-8 154277.3583ms
